STOCK    : -3S-2S-KD-7S-9D-TS-5C-JC-4D-9C-8S-3D-5D-7D-JD-6C-TH-4C-AD-6S-AC-AH-2H-2D
WASTE    : 
TABLEAU 1: 4S 
TABLEAU 2: 9S -5S
TABLEAU 3: QC -JS-8C
TABLEAU 4: 3H -7C-9H-JH
TABLEAU 5: 3C -AS-4H-TD-2C
TABLEAU 6: 7H -KH-6H-5H-QS-QH
TABLEAU 7: KS -QD-8H-KC-TC-6D-8D
CLUBS    : 
DIAMONDS : 
SPADES   : 
HEARTS   : 
Minimum Moves Needed: 84

Minimal solution in 123 moves + 21 flips in 3 passes.
Took 0.5284 sec. 0.1604 million unique states.
----------------------------------------
  1: Draw 2 cards from the stock pile.
  3: Move 2S from waste to tableau 4.

STOCK    : KD 7S 9D TS 5C JC 4D 9C 8S 3D 5D 7D JD 6C TH 4C AD 6S AC AH 2H 2D 
WASTE    : 3S 
TABLEAU 1: 4S 
TABLEAU 2: 9S -5S
TABLEAU 3: QC -JS-8C
TABLEAU 4: 2S 3H -7C-9H-JH
TABLEAU 5: 3C -AS-4H-TD-2C
TABLEAU 6: 7H -KH-6H-5H-QS-QH
TABLEAU 7: KS -QD-8H-KC-TC-6D-8D
CLUBS    : 
DIAMONDS : 
SPADES   : 
HEARTS   : 
Minimum Moves Needed: 82

----------------------------------------
(t4>t1x2u2,+11d10>t1,+14d13>t3,+15d14>t6,+18d17>di)
  4: Draw 10 cards from the stock pile.
 14: Move 3D from waste to tableau 1.

STOCK    : 5D 7D JD 6C TH 4C AD 6S AC AH 2H 2D 
WASTE    : 8S 9C 4D JC 5C TS 9D 7S KD 3S 
TABLEAU 1: 3D 4S 
TABLEAU 2: 9S -5S
TABLEAU 3: QC -JS-8C
TABLEAU 4: 2S 3H -7C-9H-JH
TABLEAU 5: 3C -AS-4H-TD-2C
TABLEAU 6: 7H -KH-6H-5H-QS-QH
TABLEAU 7: KS -QD-8H-KC-TC-6D-8D
CLUBS    : 
DIAMONDS : 
SPADES   : 
HEARTS   : 
Minimum Moves Needed: 77

----------------------------------------
(+4d3>t3,+5d4>t6,+8d7>di)
 15: Draw 3 cards from the stock pile.
 18: Move JD from waste to tableau 3.

STOCK    : 6C TH 4C AD 6S AC AH 2H 2D 
WASTE    : 7D 5D 8S 9C 4D JC 5C TS 9D 7S KD 3S 
TABLEAU 1: 3D 4S 
TABLEAU 2: 9S -5S
TABLEAU 3: JD QC -JS-8C
TABLEAU 4: 2S 3H -7C-9H-JH
TABLEAU 5: 3C -AS-4H-TD-2C
TABLEAU 6: 7H -KH-6H-5H-QS-QH
TABLEAU 7: KS -QD-8H-KC-TC-6D-8D
CLUBS    : 
DIAMONDS : 
SPADES   : 
HEARTS   : 
Minimum Moves Needed: 76

----------------------------------------
(+2d1>t6,+5d4>di)
 19: Draw 4 cards from the stock pile.
 23: Move AD from waste to diamonds.

STOCK    : 6S AC AH 2H 2D 
WASTE    : 4C TH 6C 7D 5D 8S 9C 4D JC 5C TS 9D 7S KD 3S 
TABLEAU 1: 3D 4S 
TABLEAU 2: 9S -5S
TABLEAU 3: JD QC -JS-8C
TABLEAU 4: 2S 3H -7C-9H-JH
TABLEAU 5: 3C -AS-4H-TD-2C
TABLEAU 6: 7H -KH-6H-5H-QS-QH
TABLEAU 7: KS -QD-8H-KC-TC-6D-8D
CLUBS    : 
DIAMONDS : AD 
SPADES   : 
HEARTS   : 
Minimum Moves Needed: 72

----------------------------------------
(+2d1>t6,+3d2>cb)
 24: Draw 2 cards from the stock pile.
 26: Move AC from waste to clubs.

STOCK    : AH 2H 2D 
WASTE    : 6S 4C TH 6C 7D 5D 8S 9C 4D JC 5C TS 9D 7S KD 3S 
TABLEAU 1: 3D 4S 
TABLEAU 2: 9S -5S
TABLEAU 3: JD QC -JS-8C
TABLEAU 4: 2S 3H -7C-9H-JH
TABLEAU 5: 3C -AS-4H-TD-2C
TABLEAU 6: 7H -KH-6H-5H-QS-QH
TABLEAU 7: KS -QD-8H-KC-TC-6D-8D
CLUBS    : AC 
DIAMONDS : AD 
SPADES   : 
HEARTS   : 
Minimum Moves Needed: 70

----------------------------------------
(+1d0>t6,+2d1>ht)
 27: Draw AH from the stock pile.
 28: Move AH from waste to hearts.

STOCK    : 2H 2D 
WASTE    : 6S 4C TH 6C 7D 5D 8S 9C 4D JC 5C TS 9D 7S KD 3S 
TABLEAU 1: 3D 4S 
TABLEAU 2: 9S -5S
TABLEAU 3: JD QC -JS-8C
TABLEAU 4: 2S 3H -7C-9H-JH
TABLEAU 5: 3C -AS-4H-TD-2C
TABLEAU 6: 7H -KH-6H-5H-QS-QH
TABLEAU 7: KS -QD-8H-KC-TC-6D-8D
CLUBS    : AC 
DIAMONDS : AD 
SPADES   : 
HEARTS   : AH 
Minimum Moves Needed: 68

----------------------------------------
(+1d0>t6,+2d1>ht)
 29: Draw 2H from the stock pile.
 30: Move 2H from waste to hearts.

STOCK    : 2D 
WASTE    : 6S 4C TH 6C 7D 5D 8S 9C 4D JC 5C TS 9D 7S KD 3S 
TABLEAU 1: 3D 4S 
TABLEAU 2: 9S -5S
TABLEAU 3: JD QC -JS-8C
TABLEAU 4: 2S 3H -7C-9H-JH
TABLEAU 5: 3C -AS-4H-TD-2C
TABLEAU 6: 7H -KH-6H-5H-QS-QH
TABLEAU 7: KS -QD-8H-KC-TC-6D-8D
CLUBS    : AC 
DIAMONDS : AD 
SPADES   : 
HEARTS   : 2H AH 
Minimum Moves Needed: 66

----------------------------------------
(t4>t1u2,+1d0>t6,+2d1>di,!ht>t5)
 31: Draw 2D from the stock pile.
 32: Move 2D from waste to diamonds.

STOCK    : 
WASTE    : 6S 4C TH 6C 7D 5D 8S 9C 4D JC 5C TS 9D 7S KD 3S 
TABLEAU 1: 3D 4S 
TABLEAU 2: 9S -5S
TABLEAU 3: JD QC -JS-8C
TABLEAU 4: 2S 3H -7C-9H-JH
TABLEAU 5: 3C -AS-4H-TD-2C
TABLEAU 6: 7H -KH-6H-5H-QS-QH
TABLEAU 7: KS -QD-8H-KC-TC-6D-8D
CLUBS    : AC 
DIAMONDS : 2D AD 
SPADES   : 
HEARTS   : 2H AH 
Minimum Moves Needed: 64

----------------------------------------
(t1>diu2,t4>t1u2,+1d0>t6,+6d-11c>t3,+14d-3c>t6,!di>t5,!ht>t5)
 33: Move 6S from waste to tableau 6.

STOCK    : 
WASTE    : 4C TH 6C 7D 5D 8S 9C 4D JC 5C TS 9D 7S KD 3S 
TABLEAU 1: 3D 4S 
TABLEAU 2: 9S -5S
TABLEAU 3: JD QC -JS-8C
TABLEAU 4: 2S 3H -7C-9H-JH
TABLEAU 5: 3C -AS-4H-TD-2C
TABLEAU 6: 6S 7H -KH-6H-5H-QS-QH
TABLEAU 7: KS -QD-8H-KC-TC-6D-8D
CLUBS    : AC 
DIAMONDS : 2D AD 
SPADES   : 
HEARTS   : 2H AH 
Minimum Moves Needed: 63

----------------------------------------
(t1>diu2,t4>t1u2,+6d-10c>t3,+12d-4c>t6,!di>t5,!ht>t5)
 34: Move 3D from tableau 1 to diamonds.

STOCK    : 
WASTE    : 4C TH 6C 7D 5D 8S 9C 4D JC 5C TS 9D 7S KD 3S 
TABLEAU 1: 4S 
TABLEAU 2: 9S -5S
TABLEAU 3: JD QC -JS-8C
TABLEAU 4: 2S 3H -7C-9H-JH
TABLEAU 5: 3C -AS-4H-TD-2C
TABLEAU 6: 6S 7H -KH-6H-5H-QS-QH
TABLEAU 7: KS -QD-8H-KC-TC-6D-8D
CLUBS    : AC 
DIAMONDS : 3D 2D AD 
SPADES   : 
HEARTS   : 2H AH 
Minimum Moves Needed: 62

----------------------------------------
(t4>t1x2u2,+6d-10c>t3,+9d-7c>di,+12d-4c>t6,!di>t1,!ht>t5)
 35: Recycle 15 cards from the waste pile to stock.
 35: Draw 5 cards from the stock pile.
 40: Move TS from waste to tableau 3.

STOCK    : 5C JC 4D 9C 8S 5D 7D 6C TH 4C 
WASTE    : 9D 7S KD 3S 
TABLEAU 1: 4S 
TABLEAU 2: 9S -5S
TABLEAU 3: TS JD QC -JS-8C
TABLEAU 4: 2S 3H -7C-9H-JH
TABLEAU 5: 3C -AS-4H-TD-2C
TABLEAU 6: 6S 7H -KH-6H-5H-QS-QH
TABLEAU 7: KS -QD-8H-KC-TC-6D-8D
CLUBS    : AC 
DIAMONDS : 3D 2D AD 
SPADES   : 
HEARTS   : 2H AH 
Minimum Moves Needed: 65

----------------------------------------
(t4>t1x2u2,+1d0>t3,+4d3>di,+7d6>t6,!di>t1,!ht>t5)
 41: Move 9D from waste to tableau 3.

STOCK    : 5C JC 4D 9C 8S 5D 7D 6C TH 4C 
WASTE    : 7S KD 3S 
TABLEAU 1: 4S 
TABLEAU 2: 9S -5S
TABLEAU 3: 9D TS JD QC -JS-8C
TABLEAU 4: 2S 3H -7C-9H-JH
TABLEAU 5: 3C -AS-4H-TD-2C
TABLEAU 6: 6S 7H -KH-6H-5H-QS-QH
TABLEAU 7: KS -QD-8H-KC-TC-6D-8D
CLUBS    : AC 
DIAMONDS : 3D 2D AD 
SPADES   : 
HEARTS   : 2H AH 
Minimum Moves Needed: 65

----------------------------------------
(t4>t1x2u2,+4d3>di,+6d5>t3,+7d6>t6,!di>t1,!ht>t5)
 42: Draw 3 cards from the stock pile.
 45: Move 4D from waste to diamonds.

STOCK    : 9C 8S 5D 7D 6C TH 4C 
WASTE    : JC 5C 7S KD 3S 
TABLEAU 1: 4S 
TABLEAU 2: 9S -5S
TABLEAU 3: 9D TS JD QC -JS-8C
TABLEAU 4: 2S 3H -7C-9H-JH
TABLEAU 5: 3C -AS-4H-TD-2C
TABLEAU 6: 6S 7H -KH-6H-5H-QS-QH
TABLEAU 7: KS -QD-8H-KC-TC-6D-8D
CLUBS    : AC 
DIAMONDS : 4D 3D 2D AD 
SPADES   : 
HEARTS   : 2H AH 
Minimum Moves Needed: 62

----------------------------------------
(t4>t1x2u2,+3d2>t3,+4d3>di,+4d3>t6,!ht>t5)
 46: Draw 2 cards from the stock pile.
 48: Move 8S from waste to tableau 3.

STOCK    : 5D 7D 6C TH 4C 
WASTE    : 9C JC 5C 7S KD 3S 
TABLEAU 1: 4S 
TABLEAU 2: 9S -5S
TABLEAU 3: 8S 9D TS JD QC -JS-8C
TABLEAU 4: 2S 3H -7C-9H-JH
TABLEAU 5: 3C -AS-4H-TD-2C
TABLEAU 6: 6S 7H -KH-6H-5H-QS-QH
TABLEAU 7: KS -QD-8H-KC-TC-6D-8D
CLUBS    : AC 
DIAMONDS : 4D 3D 2D AD 
SPADES   : 
HEARTS   : 2H AH 
Minimum Moves Needed: 61

----------------------------------------
(t4>t1x2u2,t6>t3x2u2,+2d1>di,+2d1>t6,+3d2>t3,!ht>t5)
 49: Move 2 cards from tableau 6 to tableau 3 and flip tableau 6.

STOCK    : 5D 7D 6C TH 4C 
WASTE    : 9C JC 5C 7S KD 3S 
TABLEAU 1: 4S 
TABLEAU 2: 9S -5S
TABLEAU 3: 6S 7H 8S 9D TS JD QC -JS-8C
TABLEAU 4: 2S 3H -7C-9H-JH
TABLEAU 5: 3C -AS-4H-TD-2C
TABLEAU 6: KH -6H-5H-QS-QH
TABLEAU 7: KS -QD-8H-KC-TC-6D-8D
CLUBS    : AC 
DIAMONDS : 4D 3D 2D AD 
SPADES   : 
HEARTS   : 2H AH 
Minimum Moves Needed: 60

----------------------------------------
(t3>t6x7u7,t4>t1x2u2,+2d1>di,+2d1>t3,!ht>t5)
 50: Move 7 cards from tableau 3 to tableau 6 and flip tableau 3.

STOCK    : 5D 7D 6C TH 4C 
WASTE    : 9C JC 5C 7S KD 3S 
TABLEAU 1: 4S 
TABLEAU 2: 9S -5S
TABLEAU 3: JS -8C
TABLEAU 4: 2S 3H -7C-9H-JH
TABLEAU 5: 3C -AS-4H-TD-2C
TABLEAU 6: 6S 7H 8S 9D TS JD QC KH -6H-5H-QS-QH
TABLEAU 7: KS -QD-8H-KC-TC-6D-8D
CLUBS    : AC 
DIAMONDS : 4D 3D 2D AD 
SPADES   : 
HEARTS   : 2H AH 
Minimum Moves Needed: 59

----------------------------------------
(t4>t1x2u2,+2d1>di,+2d1>t6,+5d4>t3,!ht>t5)
 51: Draw 5D from the stock pile.
 52: Move 5D from waste to tableau 6.

STOCK    : 7D 6C TH 4C 
WASTE    : 9C JC 5C 7S KD 3S 
TABLEAU 1: 4S 
TABLEAU 2: 9S -5S
TABLEAU 3: JS -8C
TABLEAU 4: 2S 3H -7C-9H-JH
TABLEAU 5: 3C -AS-4H-TD-2C
TABLEAU 6: 5D 6S 7H 8S 9D TS JD QC KH -6H-5H-QS-QH
TABLEAU 7: KS -QD-8H-KC-TC-6D-8D
CLUBS    : AC 
DIAMONDS : 4D 3D 2D AD 
SPADES   : 
HEARTS   : 2H AH 
Minimum Moves Needed: 58

----------------------------------------
(t1>t6u1,t4>t1x2u2,!t6>diu9,+4d3>t3,+5d4>t6,!ht>t5)
 53: Draw 3 cards from the stock pile.
 56: Move TH from waste to tableau 3.

STOCK    : 4C 
WASTE    : 6C 7D 9C JC 5C 7S KD 3S 
TABLEAU 1: 4S 
TABLEAU 2: 9S -5S
TABLEAU 3: TH JS -8C
TABLEAU 4: 2S 3H -7C-9H-JH
TABLEAU 5: 3C -AS-4H-TD-2C
TABLEAU 6: 5D 6S 7H 8S 9D TS JD QC KH -6H-5H-QS-QH
TABLEAU 7: KS -QD-8H-KC-TC-6D-8D
CLUBS    : AC 
DIAMONDS : 4D 3D 2D AD 
SPADES   : 
HEARTS   : 2H AH 
Minimum Moves Needed: 56

----------------------------------------
(t1>t6u1,t2>t3u1,t4>t1x2u2,!t6>diu9,+2d1>t6,+8d-2c>t3,!ht>t5)
 57: Move 9S from tableau 2 to tableau 3 and flip tableau 2.

STOCK    : 4C 
WASTE    : 6C 7D 9C JC 5C 7S KD 3S 
TABLEAU 1: 4S 
TABLEAU 2: 5S 
TABLEAU 3: 9S TH JS -8C
TABLEAU 4: 2S 3H -7C-9H-JH
TABLEAU 5: 3C -AS-4H-TD-2C
TABLEAU 6: 5D 6S 7H 8S 9D TS JD QC KH -6H-5H-QS-QH
TABLEAU 7: KS -QD-8H-KC-TC-6D-8D
CLUBS    : AC 
DIAMONDS : 4D 3D 2D AD 
SPADES   : 
HEARTS   : 2H AH 
Minimum Moves Needed: 55

----------------------------------------
(t1>t6u1,t4>t1x2u2,!t6>diu9,+2d1>t6,di>t2,!ht>t5)
 58: Move 4D from diamonds to tableau 2.

STOCK    : 4C 
WASTE    : 6C 7D 9C JC 5C 7S KD 3S 
TABLEAU 1: 4S 
TABLEAU 2: 4D 5S 
TABLEAU 3: 9S TH JS -8C
TABLEAU 4: 2S 3H -7C-9H-JH
TABLEAU 5: 3C -AS-4H-TD-2C
TABLEAU 6: 5D 6S 7H 8S 9D TS JD QC KH -6H-5H-QS-QH
TABLEAU 7: KS -QD-8H-KC-TC-6D-8D
CLUBS    : AC 
DIAMONDS : 3D 2D AD 
SPADES   : 
HEARTS   : 2H AH 
Minimum Moves Needed: 56

----------------------------------------
(t1>t6u1,!t2>diu2,t4>t1x2u2,t5>t2u1,+2d1>t6,+3d-7c>t2,di>t1,!ht>t5)
 59: Move 3C from tableau 5 to tableau 2 and flip tableau 5.

STOCK    : 4C 
WASTE    : 6C 7D 9C JC 5C 7S KD 3S 
TABLEAU 1: 4S 
TABLEAU 2: 3C 4D 5S 
TABLEAU 3: 9S TH JS -8C
TABLEAU 4: 2S 3H -7C-9H-JH
TABLEAU 5: AS -4H-TD-2C
TABLEAU 6: 5D 6S 7H 8S 9D TS JD QC KH -6H-5H-QS-QH
TABLEAU 7: KS -QD-8H-KC-TC-6D-8D
CLUBS    : AC 
DIAMONDS : 3D 2D AD 
SPADES   : 
HEARTS   : 2H AH 
Minimum Moves Needed: 55

----------------------------------------
(t5>spu1)
 60: Move AS from tableau 5 to spades and flip tableau 5.

STOCK    : 4C 
WASTE    : 6C 7D 9C JC 5C 7S KD 3S 
TABLEAU 1: 4S 
TABLEAU 2: 3C 4D 5S 
TABLEAU 3: 9S TH JS -8C
TABLEAU 4: 2S 3H -7C-9H-JH
TABLEAU 5: 4H -TD-2C
TABLEAU 6: 5D 6S 7H 8S 9D TS JD QC KH -6H-5H-QS-QH
TABLEAU 7: KS -QD-8H-KC-TC-6D-8D
CLUBS    : AC 
DIAMONDS : 3D 2D AD 
SPADES   : AS 
HEARTS   : 2H AH 
Minimum Moves Needed: 54

----------------------------------------
(t4>spu2)
 61: Move 2S from tableau 4 to spades.

STOCK    : 4C 
WASTE    : 6C 7D 9C JC 5C 7S KD 3S 
TABLEAU 1: 4S 
TABLEAU 2: 3C 4D 5S 
TABLEAU 3: 9S TH JS -8C
TABLEAU 4: 3H -7C-9H-JH
TABLEAU 5: 4H -TD-2C
TABLEAU 6: 5D 6S 7H 8S 9D TS JD QC KH -6H-5H-QS-QH
TABLEAU 7: KS -QD-8H-KC-TC-6D-8D
CLUBS    : AC 
DIAMONDS : 3D 2D AD 
SPADES   : 2S AS 
HEARTS   : 2H AH 
Minimum Moves Needed: 53

----------------------------------------
(t4>htu1)
 62: Move 3H from tableau 4 to hearts and flip tableau 4.

STOCK    : 4C 
WASTE    : 6C 7D 9C JC 5C 7S KD 3S 
TABLEAU 1: 4S 
TABLEAU 2: 3C 4D 5S 
TABLEAU 3: 9S TH JS -8C
TABLEAU 4: 7C -9H-JH
TABLEAU 5: 4H -TD-2C
TABLEAU 6: 5D 6S 7H 8S 9D TS JD QC KH -6H-5H-QS-QH
TABLEAU 7: KS -QD-8H-KC-TC-6D-8D
CLUBS    : AC 
DIAMONDS : 3D 2D AD 
SPADES   : 2S AS 
HEARTS   : 3H 2H AH 
Minimum Moves Needed: 52

----------------------------------------
(t1>t6u1,t2>t5u3,t5>htu1,+2d1>t6,+3d-7c>sp,di>t1,!ht>t1)
 63: Move 4H from tableau 5 to hearts and flip tableau 5.

STOCK    : 4C 
WASTE    : 6C 7D 9C JC 5C 7S KD 3S 
TABLEAU 1: 4S 
TABLEAU 2: 3C 4D 5S 
TABLEAU 3: 9S TH JS -8C
TABLEAU 4: 7C -9H-JH
TABLEAU 5: TD -2C
TABLEAU 6: 5D 6S 7H 8S 9D TS JD QC KH -6H-5H-QS-QH
TABLEAU 7: KS -QD-8H-KC-TC-6D-8D
CLUBS    : AC 
DIAMONDS : 3D 2D AD 
SPADES   : 2S AS 
HEARTS   : 4H 3H 2H AH 
Minimum Moves Needed: 51

----------------------------------------
(t1>t6u1,+2d1>t6,+3d-7c>sp,di>t1)
 64: Draw 4C from the stock pile.
 65: Move 4C from waste to tableau 6.

STOCK    : 
WASTE    : 6C 7D 9C JC 5C 7S KD 3S 
TABLEAU 1: 4S 
TABLEAU 2: 3C 4D 5S 
TABLEAU 3: 9S TH JS -8C
TABLEAU 4: 7C -9H-JH
TABLEAU 5: TD -2C
TABLEAU 6: 4C 5D 6S 7H 8S 9D TS JD QC KH -6H-5H-QS-QH
TABLEAU 7: KS -QD-8H-KC-TC-6D-8D
CLUBS    : AC 
DIAMONDS : 3D 2D AD 
SPADES   : 2S AS 
HEARTS   : 4H 3H 2H AH 
Minimum Moves Needed: 50

----------------------------------------
(+2d-7c>sp)
 66: Recycle 8 cards from the waste pile to stock.
 66: Draw 3S from the stock pile.
 67: Move 3S from waste to spades.

STOCK    : KD 7S 5C JC 9C 7D 6C 
WASTE    : 
TABLEAU 1: 4S 
TABLEAU 2: 3C 4D 5S 
TABLEAU 3: 9S TH JS -8C
TABLEAU 4: 7C -9H-JH
TABLEAU 5: TD -2C
TABLEAU 6: 4C 5D 6S 7H 8S 9D TS JD QC KH -6H-5H-QS-QH
TABLEAU 7: KS -QD-8H-KC-TC-6D-8D
CLUBS    : AC 
DIAMONDS : 3D 2D AD 
SPADES   : 3S 2S AS 
HEARTS   : 4H 3H 2H AH 
Minimum Moves Needed: 52

----------------------------------------
(t1>spu1,+6d5>t5,di>t1,di>t6)
 68: Move 4S from tableau 1 to spades.

STOCK    : KD 7S 5C JC 9C 7D 6C 
WASTE    : 
TABLEAU 1: 
TABLEAU 2: 3C 4D 5S 
TABLEAU 3: 9S TH JS -8C
TABLEAU 4: 7C -9H-JH
TABLEAU 5: TD -2C
TABLEAU 6: 4C 5D 6S 7H 8S 9D TS JD QC KH -6H-5H-QS-QH
TABLEAU 7: KS -QD-8H-KC-TC-6D-8D
CLUBS    : AC 
DIAMONDS : 3D 2D AD 
SPADES   : 4S 3S 2S AS 
HEARTS   : 4H 3H 2H AH 
Minimum Moves Needed: 51

----------------------------------------
(t6>t1x10u10,t7>t1u1,+2d1>t1,+6d5>t5,di>t6)
 69: Move KS from tableau 7 to tableau 1 and flip tableau 7.

STOCK    : KD 7S 5C JC 9C 7D 6C 
WASTE    : 
TABLEAU 1: KS 
TABLEAU 2: 3C 4D 5S 
TABLEAU 3: 9S TH JS -8C
TABLEAU 4: 7C -9H-JH
TABLEAU 5: TD -2C
TABLEAU 6: 4C 5D 6S 7H 8S 9D TS JD QC KH -6H-5H-QS-QH
TABLEAU 7: QD -8H-KC-TC-6D-8D
CLUBS    : AC 
DIAMONDS : 3D 2D AD 
SPADES   : 4S 3S 2S AS 
HEARTS   : 4H 3H 2H AH 
Minimum Moves Needed: 51

----------------------------------------
(t3>t7x3u3,t7>t1u1,+5d4>t7,+6d5>t5,di>t6)
 70: Draw 4 cards from the stock pile.
 74: Move JC from waste to tableau 7.

STOCK    : 9C 7D 6C 
WASTE    : 5C 7S KD 
TABLEAU 1: KS 
TABLEAU 2: 3C 4D 5S 
TABLEAU 3: 9S TH JS -8C
TABLEAU 4: 7C -9H-JH
TABLEAU 5: TD -2C
TABLEAU 6: 4C 5D 6S 7H 8S 9D TS JD QC KH -6H-5H-QS-QH
TABLEAU 7: JC QD -8H-KC-TC-6D-8D
CLUBS    : AC 
DIAMONDS : 3D 2D AD 
SPADES   : 4S 3S 2S AS 
HEARTS   : 4H 3H 2H AH 
Minimum Moves Needed: 47

----------------------------------------
(t5>t7u1,t7>t1x2u2,+2d1>t5,di>t6)
 75: Move TD from tableau 5 to tableau 7 and flip tableau 5.

STOCK    : 9C 7D 6C 
WASTE    : 5C 7S KD 
TABLEAU 1: KS 
TABLEAU 2: 3C 4D 5S 
TABLEAU 3: 9S TH JS -8C
TABLEAU 4: 7C -9H-JH
TABLEAU 5: 2C 
TABLEAU 6: 4C 5D 6S 7H 8S 9D TS JD QC KH -6H-5H-QS-QH
TABLEAU 7: TD JC QD -8H-KC-TC-6D-8D
CLUBS    : AC 
DIAMONDS : 3D 2D AD 
SPADES   : 4S 3S 2S AS 
HEARTS   : 4H 3H 2H AH 
Minimum Moves Needed: 47

----------------------------------------
(t5>cbu1)
 76: Move 2C from tableau 5 to clubs.

STOCK    : 9C 7D 6C 
WASTE    : 5C 7S KD 
TABLEAU 1: KS 
TABLEAU 2: 3C 4D 5S 
TABLEAU 3: 9S TH JS -8C
TABLEAU 4: 7C -9H-JH
TABLEAU 5: 
TABLEAU 6: 4C 5D 6S 7H 8S 9D TS JD QC KH -6H-5H-QS-QH
TABLEAU 7: TD JC QD -8H-KC-TC-6D-8D
CLUBS    : 2C AC 
DIAMONDS : 3D 2D AD 
SPADES   : 4S 3S 2S AS 
HEARTS   : 4H 3H 2H AH 
Minimum Moves Needed: 46

----------------------------------------
(t2>cbu3)
 77: Move 3C from tableau 2 to clubs.

STOCK    : 9C 7D 6C 
WASTE    : 5C 7S KD 
TABLEAU 1: KS 
TABLEAU 2: 4D 5S 
TABLEAU 3: 9S TH JS -8C
TABLEAU 4: 7C -9H-JH
TABLEAU 5: 
TABLEAU 6: 4C 5D 6S 7H 8S 9D TS JD QC KH -6H-5H-QS-QH
TABLEAU 7: TD JC QD -8H-KC-TC-6D-8D
CLUBS    : 3C 2C AC 
DIAMONDS : 3D 2D AD 
SPADES   : 4S 3S 2S AS 
HEARTS   : 4H 3H 2H AH 
Minimum Moves Needed: 45

----------------------------------------
(t2>diu2)
 78: Move 4D from tableau 2 to diamonds.

STOCK    : 9C 7D 6C 
WASTE    : 5C 7S KD 
TABLEAU 1: KS 
TABLEAU 2: 5S 
TABLEAU 3: 9S TH JS -8C
TABLEAU 4: 7C -9H-JH
TABLEAU 5: 
TABLEAU 6: 4C 5D 6S 7H 8S 9D TS JD QC KH -6H-5H-QS-QH
TABLEAU 7: TD JC QD -8H-KC-TC-6D-8D
CLUBS    : 3C 2C AC 
DIAMONDS : 4D 3D 2D AD 
SPADES   : 4S 3S 2S AS 
HEARTS   : 4H 3H 2H AH 
Minimum Moves Needed: 44

----------------------------------------
(t2>spu1)
 79: Move 5S from tableau 2 to spades.

STOCK    : 9C 7D 6C 
WASTE    : 5C 7S KD 
TABLEAU 1: KS 
TABLEAU 2: 
TABLEAU 3: 9S TH JS -8C
TABLEAU 4: 7C -9H-JH
TABLEAU 5: 
TABLEAU 6: 4C 5D 6S 7H 8S 9D TS JD QC KH -6H-5H-QS-QH
TABLEAU 7: TD JC QD -8H-KC-TC-6D-8D
CLUBS    : 3C 2C AC 
DIAMONDS : 4D 3D 2D AD 
SPADES   : 5S 4S 3S 2S AS 
HEARTS   : 4H 3H 2H AH 
Minimum Moves Needed: 43

----------------------------------------
(t6>cbu10)
 80: Move 4C from tableau 6 to clubs.

STOCK    : 9C 7D 6C 
WASTE    : 5C 7S KD 
TABLEAU 1: KS 
TABLEAU 2: 
TABLEAU 3: 9S TH JS -8C
TABLEAU 4: 7C -9H-JH
TABLEAU 5: 
TABLEAU 6: 5D 6S 7H 8S 9D TS JD QC KH -6H-5H-QS-QH
TABLEAU 7: TD JC QD -8H-KC-TC-6D-8D
CLUBS    : 4C 3C 2C AC 
DIAMONDS : 4D 3D 2D AD 
SPADES   : 5S 4S 3S 2S AS 
HEARTS   : 4H 3H 2H AH 
Minimum Moves Needed: 42

----------------------------------------
(wa>cb)
 81: Move 5C from waste to clubs.

STOCK    : 9C 7D 6C 
WASTE    : 7S KD 
TABLEAU 1: KS 
TABLEAU 2: 
TABLEAU 3: 9S TH JS -8C
TABLEAU 4: 7C -9H-JH
TABLEAU 5: 
TABLEAU 6: 5D 6S 7H 8S 9D TS JD QC KH -6H-5H-QS-QH
TABLEAU 7: TD JC QD -8H-KC-TC-6D-8D
CLUBS    : 5C 4C 3C 2C AC 
DIAMONDS : 4D 3D 2D AD 
SPADES   : 5S 4S 3S 2S AS 
HEARTS   : 4H 3H 2H AH 
Minimum Moves Needed: 41

----------------------------------------
(t6>diu9)
 82: Move 5D from tableau 6 to diamonds.

STOCK    : 9C 7D 6C 
WASTE    : 7S KD 
TABLEAU 1: KS 
TABLEAU 2: 
TABLEAU 3: 9S TH JS -8C
TABLEAU 4: 7C -9H-JH
TABLEAU 5: 
TABLEAU 6: 6S 7H 8S 9D TS JD QC KH -6H-5H-QS-QH
TABLEAU 7: TD JC QD -8H-KC-TC-6D-8D
CLUBS    : 5C 4C 3C 2C AC 
DIAMONDS : 5D 4D 3D 2D AD 
SPADES   : 5S 4S 3S 2S AS 
HEARTS   : 4H 3H 2H AH 
Minimum Moves Needed: 40

----------------------------------------
(t6>spu8)
 83: Move 6S from tableau 6 to spades.

STOCK    : 9C 7D 6C 
WASTE    : 7S KD 
TABLEAU 1: KS 
TABLEAU 2: 
TABLEAU 3: 9S TH JS -8C
TABLEAU 4: 7C -9H-JH
TABLEAU 5: 
TABLEAU 6: 7H 8S 9D TS JD QC KH -6H-5H-QS-QH
TABLEAU 7: TD JC QD -8H-KC-TC-6D-8D
CLUBS    : 5C 4C 3C 2C AC 
DIAMONDS : 5D 4D 3D 2D AD 
SPADES   : 6S 5S 4S 3S 2S AS 
HEARTS   : 4H 3H 2H AH 
Minimum Moves Needed: 39

----------------------------------------
(t6>t2x7u7,t7>t1x3u3,+1d0>sp,+2d1>t7,+4d3>cb,!sp>t6)
 84: Move 3 cards from tableau 7 to tableau 1 and flip tableau 7.

STOCK    : 9C 7D 6C 
WASTE    : 7S KD 
TABLEAU 1: TD JC QD KS 
TABLEAU 2: 
TABLEAU 3: 9S TH JS -8C
TABLEAU 4: 7C -9H-JH
TABLEAU 5: 
TABLEAU 6: 7H 8S 9D TS JD QC KH -6H-5H-QS-QH
TABLEAU 7: 8H -KC-TC-6D-8D
CLUBS    : 5C 4C 3C 2C AC 
DIAMONDS : 5D 4D 3D 2D AD 
SPADES   : 6S 5S 4S 3S 2S AS 
HEARTS   : 4H 3H 2H AH 
Minimum Moves Needed: 38

----------------------------------------
(t4>t7u1,t6>t2x7u7,t7>t3u1,+1d0>sp,+1d0>t7,+2d1>t1,+4d3>cb,!sp>t6)
 85: Move 7 cards from tableau 6 to tableau 2 and flip tableau 6.

STOCK    : 9C 7D 6C 
WASTE    : 7S KD 
TABLEAU 1: TD JC QD KS 
TABLEAU 2: 7H 8S 9D TS JD QC KH 
TABLEAU 3: 9S TH JS -8C
TABLEAU 4: 7C -9H-JH
TABLEAU 5: 
TABLEAU 6: 6H -5H-QS-QH
TABLEAU 7: 8H -KC-TC-6D-8D
CLUBS    : 5C 4C 3C 2C AC 
DIAMONDS : 5D 4D 3D 2D AD 
SPADES   : 6S 5S 4S 3S 2S AS 
HEARTS   : 4H 3H 2H AH 
Minimum Moves Needed: 37

----------------------------------------
(t4>t7u1,t6>t4u1,t7>t3u1,+1d0>sp,+1d0>t7,+2d1>t1,+4d3>cb,sp>t2)
 86: Move 6H from tableau 6 to tableau 4 and flip tableau 6.

STOCK    : 9C 7D 6C 
WASTE    : 7S KD 
TABLEAU 1: TD JC QD KS 
TABLEAU 2: 7H 8S 9D TS JD QC KH 
TABLEAU 3: 9S TH JS -8C
TABLEAU 4: 6H 7C -9H-JH
TABLEAU 5: 
TABLEAU 6: 5H -QS-QH
TABLEAU 7: 8H -KC-TC-6D-8D
CLUBS    : 5C 4C 3C 2C AC 
DIAMONDS : 5D 4D 3D 2D AD 
SPADES   : 6S 5S 4S 3S 2S AS 
HEARTS   : 4H 3H 2H AH 
Minimum Moves Needed: 36

----------------------------------------
(t6>htu1)
 87: Move 5H from tableau 6 to hearts and flip tableau 6.

STOCK    : 9C 7D 6C 
WASTE    : 7S KD 
TABLEAU 1: TD JC QD KS 
TABLEAU 2: 7H 8S 9D TS JD QC KH 
TABLEAU 3: 9S TH JS -8C
TABLEAU 4: 6H 7C -9H-JH
TABLEAU 5: 
TABLEAU 6: QS -QH
TABLEAU 7: 8H -KC-TC-6D-8D
CLUBS    : 5C 4C 3C 2C AC 
DIAMONDS : 5D 4D 3D 2D AD 
SPADES   : 6S 5S 4S 3S 2S AS 
HEARTS   : 5H 4H 3H 2H AH 
Minimum Moves Needed: 35

----------------------------------------
(wa>sp)
 88: Move 7S from waste to spades.

STOCK    : 9C 7D 6C 
WASTE    : KD 
TABLEAU 1: TD JC QD KS 
TABLEAU 2: 7H 8S 9D TS JD QC KH 
TABLEAU 3: 9S TH JS -8C
TABLEAU 4: 6H 7C -9H-JH
TABLEAU 5: 
TABLEAU 6: QS -QH
TABLEAU 7: 8H -KC-TC-6D-8D
CLUBS    : 5C 4C 3C 2C AC 
DIAMONDS : 5D 4D 3D 2D AD 
SPADES   : 7S 6S 5S 4S 3S 2S AS 
HEARTS   : 5H 4H 3H 2H AH 
Minimum Moves Needed: 34

----------------------------------------
(t4>htu2)
 89: Move 6H from tableau 4 to hearts.

STOCK    : 9C 7D 6C 
WASTE    : KD 
TABLEAU 1: TD JC QD KS 
TABLEAU 2: 7H 8S 9D TS JD QC KH 
TABLEAU 3: 9S TH JS -8C
TABLEAU 4: 7C -9H-JH
TABLEAU 5: 
TABLEAU 6: QS -QH
TABLEAU 7: 8H -KC-TC-6D-8D
CLUBS    : 5C 4C 3C 2C AC 
DIAMONDS : 5D 4D 3D 2D AD 
SPADES   : 7S 6S 5S 4S 3S 2S AS 
HEARTS   : 6H 5H 4H 3H 2H AH 
Minimum Moves Needed: 33

----------------------------------------
(t2>htu7)
 90: Move 7H from tableau 2 to hearts.

STOCK    : 9C 7D 6C 
WASTE    : KD 
TABLEAU 1: TD JC QD KS 
TABLEAU 2: 8S 9D TS JD QC KH 
TABLEAU 3: 9S TH JS -8C
TABLEAU 4: 7C -9H-JH
TABLEAU 5: 
TABLEAU 6: QS -QH
TABLEAU 7: 8H -KC-TC-6D-8D
CLUBS    : 5C 4C 3C 2C AC 
DIAMONDS : 5D 4D 3D 2D AD 
SPADES   : 7S 6S 5S 4S 3S 2S AS 
HEARTS   : 7H 6H 5H 4H 3H 2H AH 
Minimum Moves Needed: 32

----------------------------------------
(t2>spu6,t4>t7u1,t7>htu1,t7>t3u1,+1d0>t5,+2d1>t1,+3d2>t2,+4d3>cb,!sp>t7,!ht>t2)
 91: Move 8H from tableau 7 to hearts and flip tableau 7.

STOCK    : 9C 7D 6C 
WASTE    : KD 
TABLEAU 1: TD JC QD KS 
TABLEAU 2: 8S 9D TS JD QC KH 
TABLEAU 3: 9S TH JS -8C
TABLEAU 4: 7C -9H-JH
TABLEAU 5: 
TABLEAU 6: QS -QH
TABLEAU 7: KC -TC-6D-8D
CLUBS    : 5C 4C 3C 2C AC 
DIAMONDS : 5D 4D 3D 2D AD 
SPADES   : 7S 6S 5S 4S 3S 2S AS 
HEARTS   : 8H 7H 6H 5H 4H 3H 2H AH 
Minimum Moves Needed: 31

----------------------------------------
(t2>spu6,t7>t5u1,+1d0>t5,+2d1>t1,+3d2>t2,+4d3>cb,!ht>t3)
 92: Draw 3 cards from the stock pile.
 95: Move 6C from waste to clubs.

STOCK    : 
WASTE    : 7D 9C KD 
TABLEAU 1: TD JC QD KS 
TABLEAU 2: 8S 9D TS JD QC KH 
TABLEAU 3: 9S TH JS -8C
TABLEAU 4: 7C -9H-JH
TABLEAU 5: 
TABLEAU 6: QS -QH
TABLEAU 7: KC -TC-6D-8D
CLUBS    : 6C 5C 4C 3C 2C AC 
DIAMONDS : 5D 4D 3D 2D AD 
SPADES   : 7S 6S 5S 4S 3S 2S AS 
HEARTS   : 8H 7H 6H 5H 4H 3H 2H AH 
Minimum Moves Needed: 27

----------------------------------------
(t4>cbu1)
 96: Move 7C from tableau 4 to clubs and flip tableau 4.

STOCK    : 
WASTE    : 7D 9C KD 
TABLEAU 1: TD JC QD KS 
TABLEAU 2: 8S 9D TS JD QC KH 
TABLEAU 3: 9S TH JS -8C
TABLEAU 4: 9H -JH
TABLEAU 5: 
TABLEAU 6: QS -QH
TABLEAU 7: KC -TC-6D-8D
CLUBS    : 7C 6C 5C 4C 3C 2C AC 
DIAMONDS : 5D 4D 3D 2D AD 
SPADES   : 7S 6S 5S 4S 3S 2S AS 
HEARTS   : 8H 7H 6H 5H 4H 3H 2H AH 
Minimum Moves Needed: 26

----------------------------------------
(t2>spu6,t4>htu1,t7>t5u1,+1d0>t2,+2d-2c>t5,+3d-1c>t1,!ht>t3)
 97: Move KC from tableau 7 to tableau 5 and flip tableau 7.

STOCK    : 
WASTE    : 7D 9C KD 
TABLEAU 1: TD JC QD KS 
TABLEAU 2: 8S 9D TS JD QC KH 
TABLEAU 3: 9S TH JS -8C
TABLEAU 4: 9H -JH
TABLEAU 5: KC 
TABLEAU 6: QS -QH
TABLEAU 7: TC -6D-8D
CLUBS    : 7C 6C 5C 4C 3C 2C AC 
DIAMONDS : 5D 4D 3D 2D AD 
SPADES   : 7S 6S 5S 4S 3S 2S AS 
HEARTS   : 8H 7H 6H 5H 4H 3H 2H AH 
Minimum Moves Needed: 25

----------------------------------------
(t2>spu6,t4>htu1,t4>t7u1,+1d0>t2,+3d-1c>t1,!ht>t3)
 98: Move 9H from tableau 4 to hearts and flip tableau 4.

STOCK    : 
WASTE    : 7D 9C KD 
TABLEAU 1: TD JC QD KS 
TABLEAU 2: 8S 9D TS JD QC KH 
TABLEAU 3: 9S TH JS -8C
TABLEAU 4: JH 
TABLEAU 5: KC 
TABLEAU 6: QS -QH
TABLEAU 7: TC -6D-8D
CLUBS    : 7C 6C 5C 4C 3C 2C AC 
DIAMONDS : 5D 4D 3D 2D AD 
SPADES   : 7S 6S 5S 4S 3S 2S AS 
HEARTS   : 9H 8H 7H 6H 5H 4H 3H 2H AH 
Minimum Moves Needed: 24

----------------------------------------
(t2>spu6,t3>t1u3,t4>t6u1,t7>t4u1,+1d0>t2,+3d-1c>t1,!ht>t7)
 99: Move 8S from tableau 2 to spades.

STOCK    : 
WASTE    : 7D 9C KD 
TABLEAU 1: TD JC QD KS 
TABLEAU 2: 9D TS JD QC KH 
TABLEAU 3: 9S TH JS -8C
TABLEAU 4: JH 
TABLEAU 5: KC 
TABLEAU 6: QS -QH
TABLEAU 7: TC -6D-8D
CLUBS    : 7C 6C 5C 4C 3C 2C AC 
DIAMONDS : 5D 4D 3D 2D AD 
SPADES   : 8S 7S 6S 5S 4S 3S 2S AS 
HEARTS   : 9H 8H 7H 6H 5H 4H 3H 2H AH 
Minimum Moves Needed: 23

----------------------------------------
(t3>spu3,t3>t1u3,t4>t6u1,t7>t4u1,+3d-1c>t1,!sp>t2,!ht>t7)
100: Move 9S from tableau 3 to spades.

STOCK    : 
WASTE    : 7D 9C KD 
TABLEAU 1: TD JC QD KS 
TABLEAU 2: 9D TS JD QC KH 
TABLEAU 3: TH JS -8C
TABLEAU 4: JH 
TABLEAU 5: KC 
TABLEAU 6: QS -QH
TABLEAU 7: TC -6D-8D
CLUBS    : 7C 6C 5C 4C 3C 2C AC 
DIAMONDS : 5D 4D 3D 2D AD 
SPADES   : 9S 8S 7S 6S 5S 4S 3S 2S AS 
HEARTS   : 9H 8H 7H 6H 5H 4H 3H 2H AH 
Minimum Moves Needed: 22

----------------------------------------
(t2>t7u5,t3>htu2,t4>t6u1,t7>t4u1,+3d-1c>t1,+3d-1c>t3,!sp>t1,!sp>t3,!ht>t7)
101: Move TH from tableau 3 to hearts.

STOCK    : 
WASTE    : 7D 9C KD 
TABLEAU 1: TD JC QD KS 
TABLEAU 2: 9D TS JD QC KH 
TABLEAU 3: JS -8C
TABLEAU 4: JH 
TABLEAU 5: KC 
TABLEAU 6: QS -QH
TABLEAU 7: TC -6D-8D
CLUBS    : 7C 6C 5C 4C 3C 2C AC 
DIAMONDS : 5D 4D 3D 2D AD 
SPADES   : 9S 8S 7S 6S 5S 4S 3S 2S AS 
HEARTS   : TH 9H 8H 7H 6H 5H 4H 3H 2H AH 
Minimum Moves Needed: 21

----------------------------------------
(t2>t7u5,t4>htu1,t4>t6u1,t7>t4u1,+3d-1c>t1,!sp>t1,!ht>t3)
102: Move TC from tableau 7 to tableau 4 and flip tableau 7.

STOCK    : 
WASTE    : 7D 9C KD 
TABLEAU 1: TD JC QD KS 
TABLEAU 2: 9D TS JD QC KH 
TABLEAU 3: JS -8C
TABLEAU 4: TC JH 
TABLEAU 5: KC 
TABLEAU 6: QS -QH
TABLEAU 7: 6D -8D
CLUBS    : 7C 6C 5C 4C 3C 2C AC 
DIAMONDS : 5D 4D 3D 2D AD 
SPADES   : 9S 8S 7S 6S 5S 4S 3S 2S AS 
HEARTS   : TH 9H 8H 7H 6H 5H 4H 3H 2H AH 
Minimum Moves Needed: 21

----------------------------------------
(t7>diu1)
103: Move 6D from tableau 7 to diamonds and flip tableau 7.

STOCK    : 
WASTE    : 7D 9C KD 
TABLEAU 1: TD JC QD KS 
TABLEAU 2: 9D TS JD QC KH 
TABLEAU 3: JS -8C
TABLEAU 4: TC JH 
TABLEAU 5: KC 
TABLEAU 6: QS -QH
TABLEAU 7: 8D 
CLUBS    : 7C 6C 5C 4C 3C 2C AC 
DIAMONDS : 6D 5D 4D 3D 2D AD 
SPADES   : 9S 8S 7S 6S 5S 4S 3S 2S AS 
HEARTS   : TH 9H 8H 7H 6H 5H 4H 3H 2H AH 
Minimum Moves Needed: 20

----------------------------------------
(wa>di)
104: Move 7D from waste to diamonds.

STOCK    : 
WASTE    : 9C KD 
TABLEAU 1: TD JC QD KS 
TABLEAU 2: 9D TS JD QC KH 
TABLEAU 3: JS -8C
TABLEAU 4: TC JH 
TABLEAU 5: KC 
TABLEAU 6: QS -QH
TABLEAU 7: 8D 
CLUBS    : 7C 6C 5C 4C 3C 2C AC 
DIAMONDS : 7D 6D 5D 4D 3D 2D AD 
SPADES   : 9S 8S 7S 6S 5S 4S 3S 2S AS 
HEARTS   : TH 9H 8H 7H 6H 5H 4H 3H 2H AH 
Minimum Moves Needed: 19

----------------------------------------
(t7>diu1)
105: Move 8D from tableau 7 to diamonds.

STOCK    : 
WASTE    : 9C KD 
TABLEAU 1: TD JC QD KS 
TABLEAU 2: 9D TS JD QC KH 
TABLEAU 3: JS -8C
TABLEAU 4: TC JH 
TABLEAU 5: KC 
TABLEAU 6: QS -QH
TABLEAU 7: 
CLUBS    : 7C 6C 5C 4C 3C 2C AC 
DIAMONDS : 8D 7D 6D 5D 4D 3D 2D AD 
SPADES   : 9S 8S 7S 6S 5S 4S 3S 2S AS 
HEARTS   : TH 9H 8H 7H 6H 5H 4H 3H 2H AH 
Minimum Moves Needed: 18

----------------------------------------
(t2>diu5)
106: Move 9D from tableau 2 to diamonds.

STOCK    : 
WASTE    : 9C KD 
TABLEAU 1: TD JC QD KS 
TABLEAU 2: TS JD QC KH 
TABLEAU 3: JS -8C
TABLEAU 4: TC JH 
TABLEAU 5: KC 
TABLEAU 6: QS -QH
TABLEAU 7: 
CLUBS    : 7C 6C 5C 4C 3C 2C AC 
DIAMONDS : 9D 8D 7D 6D 5D 4D 3D 2D AD 
SPADES   : 9S 8S 7S 6S 5S 4S 3S 2S AS 
HEARTS   : TH 9H 8H 7H 6H 5H 4H 3H 2H AH 
Minimum Moves Needed: 17

----------------------------------------
(t1>diu4,t2>spu4,+1d0>t1,+2d-1c>t7,!di>t2,!di>t4,!sp>t1,!ht>t3)
107: Move TS from tableau 2 to spades.

STOCK    : 
WASTE    : 9C KD 
TABLEAU 1: TD JC QD KS 
TABLEAU 2: JD QC KH 
TABLEAU 3: JS -8C
TABLEAU 4: TC JH 
TABLEAU 5: KC 
TABLEAU 6: QS -QH
TABLEAU 7: 
CLUBS    : 7C 6C 5C 4C 3C 2C AC 
DIAMONDS : 9D 8D 7D 6D 5D 4D 3D 2D AD 
SPADES   : TS 9S 8S 7S 6S 5S 4S 3S 2S AS 
HEARTS   : TH 9H 8H 7H 6H 5H 4H 3H 2H AH 
Minimum Moves Needed: 16

----------------------------------------
(t1>diu4,t3>spu1,t4>t2u2,+1d0>t1,+2d-1c>t7,!di>t4,!sp>t2,!ht>t3)
108: Move JS from tableau 3 to spades and flip tableau 3.

STOCK    : 
WASTE    : 9C KD 
TABLEAU 1: TD JC QD KS 
TABLEAU 2: JD QC KH 
TABLEAU 3: 8C 
TABLEAU 4: TC JH 
TABLEAU 5: KC 
TABLEAU 6: QS -QH
TABLEAU 7: 
CLUBS    : 7C 6C 5C 4C 3C 2C AC 
DIAMONDS : 9D 8D 7D 6D 5D 4D 3D 2D AD 
SPADES   : JS TS 9S 8S 7S 6S 5S 4S 3S 2S AS 
HEARTS   : TH 9H 8H 7H 6H 5H 4H 3H 2H AH 
Minimum Moves Needed: 15

----------------------------------------
(t3>cbu1)
109: Move 8C from tableau 3 to clubs.

STOCK    : 
WASTE    : 9C KD 
TABLEAU 1: TD JC QD KS 
TABLEAU 2: JD QC KH 
TABLEAU 3: 
TABLEAU 4: TC JH 
TABLEAU 5: KC 
TABLEAU 6: QS -QH
TABLEAU 7: 
CLUBS    : 8C 7C 6C 5C 4C 3C 2C AC 
DIAMONDS : 9D 8D 7D 6D 5D 4D 3D 2D AD 
SPADES   : JS TS 9S 8S 7S 6S 5S 4S 3S 2S AS 
HEARTS   : TH 9H 8H 7H 6H 5H 4H 3H 2H AH 
Minimum Moves Needed: 14

----------------------------------------
(wa>cb)
110: Move 9C from waste to clubs.

STOCK    : 
WASTE    : KD 
TABLEAU 1: TD JC QD KS 
TABLEAU 2: JD QC KH 
TABLEAU 3: 
TABLEAU 4: TC JH 
TABLEAU 5: KC 
TABLEAU 6: QS -QH
TABLEAU 7: 
CLUBS    : 9C 8C 7C 6C 5C 4C 3C 2C AC 
DIAMONDS : 9D 8D 7D 6D 5D 4D 3D 2D AD 
SPADES   : JS TS 9S 8S 7S 6S 5S 4S 3S 2S AS 
HEARTS   : TH 9H 8H 7H 6H 5H 4H 3H 2H AH 
Minimum Moves Needed: 13

----------------------------------------
(t1>diu4)
111: Move TD from tableau 1 to diamonds.

STOCK    : 
WASTE    : KD 
TABLEAU 1: JC QD KS 
TABLEAU 2: JD QC KH 
TABLEAU 3: 
TABLEAU 4: TC JH 
TABLEAU 5: KC 
TABLEAU 6: QS -QH
TABLEAU 7: 
CLUBS    : 9C 8C 7C 6C 5C 4C 3C 2C AC 
DIAMONDS : TD 9D 8D 7D 6D 5D 4D 3D 2D AD 
SPADES   : JS TS 9S 8S 7S 6S 5S 4S 3S 2S AS 
HEARTS   : TH 9H 8H 7H 6H 5H 4H 3H 2H AH 
Minimum Moves Needed: 12

----------------------------------------
(t2>diu3)
112: Move JD from tableau 2 to diamonds.

STOCK    : 
WASTE    : KD 
TABLEAU 1: JC QD KS 
TABLEAU 2: QC KH 
TABLEAU 3: 
TABLEAU 4: TC JH 
TABLEAU 5: KC 
TABLEAU 6: QS -QH
TABLEAU 7: 
CLUBS    : 9C 8C 7C 6C 5C 4C 3C 2C AC 
DIAMONDS : JD TD 9D 8D 7D 6D 5D 4D 3D 2D AD 
SPADES   : JS TS 9S 8S 7S 6S 5S 4S 3S 2S AS 
HEARTS   : TH 9H 8H 7H 6H 5H 4H 3H 2H AH 
Minimum Moves Needed: 11

----------------------------------------
(t4>cbu2)
113: Move TC from tableau 4 to clubs.

STOCK    : 
WASTE    : KD 
TABLEAU 1: JC QD KS 
TABLEAU 2: QC KH 
TABLEAU 3: 
TABLEAU 4: JH 
TABLEAU 5: KC 
TABLEAU 6: QS -QH
TABLEAU 7: 
CLUBS    : TC 9C 8C 7C 6C 5C 4C 3C 2C AC 
DIAMONDS : JD TD 9D 8D 7D 6D 5D 4D 3D 2D AD 
SPADES   : JS TS 9S 8S 7S 6S 5S 4S 3S 2S AS 
HEARTS   : TH 9H 8H 7H 6H 5H 4H 3H 2H AH 
Minimum Moves Needed: 10

----------------------------------------
(t1>cbu3)
114: Move JC from tableau 1 to clubs.

STOCK    : 
WASTE    : KD 
TABLEAU 1: QD KS 
TABLEAU 2: QC KH 
TABLEAU 3: 
TABLEAU 4: JH 
TABLEAU 5: KC 
TABLEAU 6: QS -QH
TABLEAU 7: 
CLUBS    : JC TC 9C 8C 7C 6C 5C 4C 3C 2C AC 
DIAMONDS : JD TD 9D 8D 7D 6D 5D 4D 3D 2D AD 
SPADES   : JS TS 9S 8S 7S 6S 5S 4S 3S 2S AS 
HEARTS   : TH 9H 8H 7H 6H 5H 4H 3H 2H AH 
Minimum Moves Needed: 9

----------------------------------------
(t1>diu2)
115: Move QD from tableau 1 to diamonds.

STOCK    : 
WASTE    : KD 
TABLEAU 1: KS 
TABLEAU 2: QC KH 
TABLEAU 3: 
TABLEAU 4: JH 
TABLEAU 5: KC 
TABLEAU 6: QS -QH
TABLEAU 7: 
CLUBS    : JC TC 9C 8C 7C 6C 5C 4C 3C 2C AC 
DIAMONDS : QD JD TD 9D 8D 7D 6D 5D 4D 3D 2D AD 
SPADES   : JS TS 9S 8S 7S 6S 5S 4S 3S 2S AS 
HEARTS   : TH 9H 8H 7H 6H 5H 4H 3H 2H AH 
Minimum Moves Needed: 8

----------------------------------------
(t2>cbu2)
116: Move QC from tableau 2 to clubs.

STOCK    : 
WASTE    : KD 
TABLEAU 1: KS 
TABLEAU 2: KH 
TABLEAU 3: 
TABLEAU 4: JH 
TABLEAU 5: KC 
TABLEAU 6: QS -QH
TABLEAU 7: 
CLUBS    : QC JC TC 9C 8C 7C 6C 5C 4C 3C 2C AC 
DIAMONDS : QD JD TD 9D 8D 7D 6D 5D 4D 3D 2D AD 
SPADES   : JS TS 9S 8S 7S 6S 5S 4S 3S 2S AS 
HEARTS   : TH 9H 8H 7H 6H 5H 4H 3H 2H AH 
Minimum Moves Needed: 7

----------------------------------------
(t4>htu1)
117: Move JH from tableau 4 to hearts.

STOCK    : 
WASTE    : KD 
TABLEAU 1: KS 
TABLEAU 2: KH 
TABLEAU 3: 
TABLEAU 4: 
TABLEAU 5: KC 
TABLEAU 6: QS -QH
TABLEAU 7: 
CLUBS    : QC JC TC 9C 8C 7C 6C 5C 4C 3C 2C AC 
DIAMONDS : QD JD TD 9D 8D 7D 6D 5D 4D 3D 2D AD 
SPADES   : JS TS 9S 8S 7S 6S 5S 4S 3S 2S AS 
HEARTS   : JH TH 9H 8H 7H 6H 5H 4H 3H 2H AH 
Minimum Moves Needed: 6

----------------------------------------
(wa>di)
118: Move KD from waste to diamonds.

STOCK    : 
WASTE    : 
TABLEAU 1: KS 
TABLEAU 2: KH 
TABLEAU 3: 
TABLEAU 4: 
TABLEAU 5: KC 
TABLEAU 6: QS -QH
TABLEAU 7: 
CLUBS    : QC JC TC 9C 8C 7C 6C 5C 4C 3C 2C AC 
DIAMONDS : KD QD JD TD 9D 8D 7D 6D 5D 4D 3D 2D AD 
SPADES   : JS TS 9S 8S 7S 6S 5S 4S 3S 2S AS 
HEARTS   : JH TH 9H 8H 7H 6H 5H 4H 3H 2H AH 
Minimum Moves Needed: 5

----------------------------------------
(t5>cbu1)
119: Move KC from tableau 5 to clubs.

STOCK    : 
WASTE    : 
TABLEAU 1: KS 
TABLEAU 2: KH 
TABLEAU 3: 
TABLEAU 4: 
TABLEAU 5: 
TABLEAU 6: QS -QH
TABLEAU 7: 
CLUBS    : KC QC JC TC 9C 8C 7C 6C 5C 4C 3C 2C AC 
DIAMONDS : KD QD JD TD 9D 8D 7D 6D 5D 4D 3D 2D AD 
SPADES   : JS TS 9S 8S 7S 6S 5S 4S 3S 2S AS 
HEARTS   : JH TH 9H 8H 7H 6H 5H 4H 3H 2H AH 
Minimum Moves Needed: 4

----------------------------------------
(t6>spu1)
120: Move QS from tableau 6 to spades and flip tableau 6.

STOCK    : 
WASTE    : 
TABLEAU 1: KS 
TABLEAU 2: KH 
TABLEAU 3: 
TABLEAU 4: 
TABLEAU 5: 
TABLEAU 6: QH 
TABLEAU 7: 
CLUBS    : KC QC JC TC 9C 8C 7C 6C 5C 4C 3C 2C AC 
DIAMONDS : KD QD JD TD 9D 8D 7D 6D 5D 4D 3D 2D AD 
SPADES   : QS JS TS 9S 8S 7S 6S 5S 4S 3S 2S AS 
HEARTS   : JH TH 9H 8H 7H 6H 5H 4H 3H 2H AH 
Minimum Moves Needed: 3

----------------------------------------
(t1>spu1)
121: Move KS from tableau 1 to spades.

STOCK    : 
WASTE    : 
TABLEAU 1: 
TABLEAU 2: KH 
TABLEAU 3: 
TABLEAU 4: 
TABLEAU 5: 
TABLEAU 6: QH 
TABLEAU 7: 
CLUBS    : KC QC JC TC 9C 8C 7C 6C 5C 4C 3C 2C AC 
DIAMONDS : KD QD JD TD 9D 8D 7D 6D 5D 4D 3D 2D AD 
SPADES   : KS QS JS TS 9S 8S 7S 6S 5S 4S 3S 2S AS 
HEARTS   : JH TH 9H 8H 7H 6H 5H 4H 3H 2H AH 
Minimum Moves Needed: 2

----------------------------------------
(t6>htu1)
122: Move QH from tableau 6 to hearts.

STOCK    : 
WASTE    : 
TABLEAU 1: 
TABLEAU 2: KH 
TABLEAU 3: 
TABLEAU 4: 
TABLEAU 5: 
TABLEAU 6: 
TABLEAU 7: 
CLUBS    : KC QC JC TC 9C 8C 7C 6C 5C 4C 3C 2C AC 
DIAMONDS : KD QD JD TD 9D 8D 7D 6D 5D 4D 3D 2D AD 
SPADES   : KS QS JS TS 9S 8S 7S 6S 5S 4S 3S 2S AS 
HEARTS   : QH JH TH 9H 8H 7H 6H 5H 4H 3H 2H AH 
Minimum Moves Needed: 1

----------------------------------------
(t2>htu1)
123: Move KH from tableau 2 to hearts.

STOCK    : 
WASTE    : 
TABLEAU 1: 
TABLEAU 2: 
TABLEAU 3: 
TABLEAU 4: 
TABLEAU 5: 
TABLEAU 6: 
TABLEAU 7: 
CLUBS    : KC QC JC TC 9C 8C 7C 6C 5C 4C 3C 2C AC 
DIAMONDS : KD QD JD TD 9D 8D 7D 6D 5D 4D 3D 2D AD 
SPADES   : KS QS JS TS 9S 8S 7S 6S 5S 4S 3S 2S AS 
HEARTS   : KH QH JH TH 9H 8H 7H 6H 5H 4H 3H 2H AH 
Minimum Moves Needed: 0

----------------------------------------
()
