Flat profile:

Each sample counts as 0.01 seconds.
  %   cumulative   self              self     total           
 time   seconds   seconds    calls   s/call   s/call  name    
 42.56      9.92     9.92 69510871     0.00     0.00  KSolveNames::GameStateMemory::IsShortPathToState(KSolveNames::Game const&, unsigned int)
  9.74     12.19     2.27 69510871     0.00     0.00  KSolveNames::GameState::GameState(KSolveNames::Game const&, unsigned int)
  7.46     13.93     1.74 15235902     0.00     0.00  KSolveNames::Game::MovesFromTableau(KSolveNames::QMovesTemplate<43u>&) const
  7.42     15.66     1.73 14716660     0.00     0.00  KSolveNames::MoveStorage::LoadMoveSequence()
  6.74     17.23     1.57 15235902     0.00     0.00  KSolveNames::Game::MovesFromTalon(KSolveNames::QMovesTemplate<43u>&, unsigned int) const
  4.46     18.27     1.04 14716661     0.00     0.00  KSolveNames::MinimumMovesLeft(KSolveNames::Game const&)
  4.12     19.23     0.96 405194320     0.00     0.00  KSolveNames::Game::MakeMove(KSolveNames::MoveSpec)
  4.12     20.19     0.96 317484049     0.00     0.00  KSolveNames::Pile::Draw(KSolveNames::Pile&, int)
  3.00     20.89     0.70 157221142     0.00     0.00  KSolveNames::Pile::Take(KSolveNames::Pile&, unsigned int)
  1.84     21.32     0.43 14716661     0.00     0.00  KSolveNames::ShareableIndexedPriorityQueue<unsigned int, KSolveNames::Branch, 512u>::Pop()
  1.72     21.72     0.40 14716661     0.00     0.00  KSolveNames::Game::Deal()
  1.03     21.96     0.24 74265339     0.00     0.00  bool KSolveNames::XYZ_Move<KSolveNames::MoveCounter<frystl::static_deque<KSolveNames::MoveSpec, 500u> > >(KSolveNames::MoveSpec, KSolveNames::MoveCounter<frystl::static_deque<KSolveNames::MoveSpec, 500u> > const&)
  0.86     22.16     0.20 16402777     0.00     0.00  KSolveNames::Game::DominantAvailableMoves(KSolveNames::QMovesTemplate<9u>&, unsigned int) const
  0.77     22.34     0.18 14716661     0.00     0.00  KSolveNames::MoveStorage::PopNextBranch(KSolveNames::Game&)
  0.64     22.49     0.15 15235902     0.00     0.00  KSolveNames::Game::MovesFromFoundation(KSolveNames::QMovesTemplate<43u>&, unsigned int) const
  0.64     22.64     0.15 14716661     0.00     0.00  KSolveNames::Advance(KSolveNames::WorkerState&, unsigned int)
  0.56     22.77     0.13 69510871     0.00     0.00  KSolveNames::Game::UnMakeMove(KSolveNames::MoveSpec)
  0.51     22.89     0.12     4350     0.00     0.00  gtl::priv::raw_hash_set<gtl::priv::FlatHashSetPolicy<KSolveNames::GameState>, KSolveNames::Hasher, gtl::EqualTo<KSolveNames::GameState>, std::allocator<KSolveNames::GameState> >::resize(unsigned long)
  0.47     23.00     0.11 14716661     0.00     0.00  KSolveNames::WorkerState::MakeAutoMoves()
  0.34     23.08     0.08  6357911     0.00     0.00  KSolveNames::MoveStorage::UpdateFringe(unsigned int)
  0.30     23.15     0.07 69510871     0.00     0.00  void std::__introsort_loop<unsigned int*, long, __gnu_cxx::__ops::_Iter_comp_iter<std::ranges::__detail::__make_comp_proj<std::ranges::less, std::identity>(std::ranges::less&, std::identity&)::{lambda(auto:1&&, auto:2&&)#1}> >(unsigned int*, unsigned int*, long, __gnu_cxx::__ops::_Iter_comp_iter<std::ranges::__detail::__make_comp_proj<std::ranges::less, std::identity>(std::ranges::less&, std::identity&)::{lambda(auto:1&&, auto:2&&)#1}>)
  0.30     23.22     0.07  6357911     0.00     0.00  KSolveNames::MoveStorage::UpdateMoveTree()
  0.13     23.25     0.03 14476933     0.00     0.00  KSolveNames::MoveStorage::ShareMoves()
  0.13     23.28     0.03 14430629     0.00     0.00  gtl::priv::raw_hash_set<gtl::priv::FlatHashSetPolicy<KSolveNames::GameState>, KSolveNames::Hasher, gtl::EqualTo<KSolveNames::GameState>, std::allocator<KSolveNames::GameState> >::prepare_insert(unsigned long)
  0.04     23.29     0.01 16402777     0.00     0.00  KSolveNames::Game::MinFoundationPileSize() const
  0.04     23.30     0.01 15235902     0.00     0.00  KSolveNames::Game::NonDominantAvailableMoves(KSolveNames::QMovesTemplate<43u>&, unsigned int) const
  0.04     23.31     0.01 14716660     0.00     0.00  KSolveNames::MoveStorage::PushBranch(KSolveNames::MoveSpec, unsigned int)
  0.00     23.31     0.00  6357911     0.00     0.00  void std::__introsort_loop<KSolveNames::MoveStorage::MovePair*, long, __gnu_cxx::__ops::_Iter_comp_iter<std::ranges::__detail::__make_comp_proj<std::ranges::greater, unsigned int KSolveNames::MoveStorage::MovePair::*>(std::ranges::greater&, unsigned int KSolveNames::MoveStorage::MovePair::*&)::{lambda(auto:1&&, auto:2&&)#1}> >(KSolveNames::MoveStorage::MovePair*, KSolveNames::MoveStorage::MovePair*, long, __gnu_cxx::__ops::_Iter_comp_iter<std::ranges::__detail::__make_comp_proj<std::ranges::greater, unsigned int KSolveNames::MoveStorage::MovePair::*>(std::ranges::greater&, unsigned int KSolveNames::MoveStorage::MovePair::*&)::{lambda(auto:1&&, auto:2&&)#1}>)
  0.00     23.31     0.00  1686116     0.00     0.00  KSolveNames::MoveStorage::PushStem(KSolveNames::MoveSpec)
  0.00     23.31     0.00   239728     0.00     0.00  KSolveNames::Game::GameOver() const
  0.00     23.31     0.00      139     0.00     0.00  void frystl::Construct<KSolveNames::ShareableIndexedPriorityQueue<unsigned int, KSolveNames::Branch, 512u>::ProtectedStackT>(KSolveNames::ShareableIndexedPriorityQueue<unsigned int, KSolveNames::Branch, 512u>::ProtectedStackT*)
  0.00     23.31     0.00      108     0.00     0.00  frystl::static_vector<KSolveNames::ShareableIndexedPriorityQueue<unsigned int, KSolveNames::Branch, 512u>::ProtectedStackT, 512u>::resize(unsigned int)
  0.00     23.31     0.00       50     0.00     0.00  KSolveNames::Peek[abi:cxx11](KSolveNames::MoveSpec const&)
  0.00     23.31     0.00       50     0.00     0.00  std::mersenne_twister_engine<unsigned long, 32ul, 624ul, 397ul, 31ul, 2567483615ul, 11ul, 4294967295ul, 7ul, 2636928640ul, 15ul, 4022730752ul, 18ul, 1812433253ul>::operator()()
  0.00     23.31     0.00       13     0.00     0.00  _init
  0.00     23.31     0.00        3     0.00     0.00  GetNumber(std::__cxx11::basic_string<char, std::char_traits<char>, std::allocator<char> >)
  0.00     23.31     0.00        2     0.00     0.00  KSolveNames::MoveStorage::MoveStorage(KSolveNames::SharedMoveStorage&)
  0.00     23.31     0.00        2     0.00     0.00  KSolveNames::Game::Game(KSolveNames::Game const&)
  0.00     23.31     0.00        2     0.00     0.00  bool std::operator==<char, std::char_traits<char>, std::allocator<char> >(std::__cxx11::basic_string<char, std::char_traits<char>, std::allocator<char> > const&, char const*)
  0.00     23.31     0.00        1     0.00     0.00  GetSpec(int, char**)
  0.00     23.31     0.00        1     0.00    23.31  KSolveNames::KSolveAStar(KSolveNames::Game&, unsigned int, unsigned int)
  0.00     23.31     0.00        1     0.00     0.00  KSolveNames::NumberedDeal(unsigned int)
  0.00     23.31     0.00        1     0.00     0.06  KSolveNames::GameStateMemory::GameStateMemory()
  0.00     23.31     0.00        1     0.00     0.00  KSolveNames::SharedMoveStorage::~SharedMoveStorage()
  0.00     23.31     0.00        1     0.00     0.00  KSolveNames::Game::Game(KSolveNames::CardDeck, unsigned int, unsigned int)
  0.00     23.31     0.00        1     0.00     0.00  KSolveNames::Shuffle(KSolveNames::CardDeck&, unsigned int)
  0.00     23.31     0.00        1     0.00    23.25  KSolveNames::Worker(KSolveNames::WorkerState*)
  0.00     23.31     0.00        1     0.00     0.00  std::mersenne_twister_engine<unsigned long, 32ul, 624ul, 397ul, 31ul, 2567483615ul, 11ul, 4294967295ul, 7ul, 2636928640ul, 15ul, 4022730752ul, 18ul, 1812433253ul>::_M_gen_rand()
  0.00     23.31     0.00        1     0.00     0.00  std::__cxx11::basic_string<char, std::char_traits<char>, std::allocator<char> >::_M_dispose()
  0.00     23.31     0.00        1     0.00     0.00  std::__cxx11::basic_string<char, std::char_traits<char>, std::allocator<char> >::basic_string<std::allocator<char> >(char const*, std::allocator<char> const&)

 %         the percentage of the total running time of the
time       program used by this function.

cumulative a running sum of the number of seconds accounted
 seconds   for by this function and those listed above it.

 self      the number of seconds accounted for by this
seconds    function alone.  This is the major sort for this
           listing.

calls      the number of times this function was invoked, if
           this function is profiled, else blank.

 self      the average number of milliseconds spent in this
ms/call    function per call, if this function is profiled,
	   else blank.

 total     the average number of milliseconds spent in this
ms/call    function and its descendents per call, if this
	   function is profiled, else blank.

name       the name of the function.  This is the minor sort
           for this listing. The index shows the location of
	   the function in the gprof listing. If the index is
	   in parenthesis it shows where it would appear in
	   the gprof listing if it were to be printed.

Copyright (C) 2012-2024 Free Software Foundation, Inc.

Copying and distribution of this file, with or without modification,
are permitted in any medium without royalty provided the copyright
notice and this notice are preserved.

		     Call graph (explanation follows)


granularity: each sample hit covers 4 byte(s) for 0.04% of 23.31 seconds

index % time    self  children    called     name
                                                 <spontaneous>
[1]    100.0    0.00   23.31                 main [1]
                0.00   23.31       1/1           KSolveNames::KSolveAStar(KSolveNames::Game&, unsigned int, unsigned int) [2]
                0.00    0.00       1/14716661     KSolveNames::Game::Deal() [18]
                0.00    0.00       1/1           GetSpec(int, char**) [50]
                0.00    0.00       1/1           KSolveNames::NumberedDeal(unsigned int) [51]
                0.00    0.00       1/1           KSolveNames::Game::Game(KSolveNames::CardDeck, unsigned int, unsigned int) [53]
-----------------------------------------------
                0.00   23.31       1/1           main [1]
[2]    100.0    0.00   23.31       1         KSolveNames::KSolveAStar(KSolveNames::Game&, unsigned int, unsigned int) [2]
                0.00   23.25       1/1           KSolveNames::Worker(KSolveNames::WorkerState*) [3]
                0.00    0.06       1/1           KSolveNames::GameStateMemory::GameStateMemory() [29]
                0.00    0.00       1/14716661     KSolveNames::Advance(KSolveNames::WorkerState&, unsigned int) [4]
                0.00    0.00       1/14716661     KSolveNames::MinimumMovesLeft(KSolveNames::Game const&) [14]
                0.00    0.00       1/14476933     KSolveNames::MoveStorage::ShareMoves() [22]
                0.00    0.00       1/2           KSolveNames::Game::Game(KSolveNames::Game const&) [48]
                0.00    0.00       1/2           KSolveNames::MoveStorage::MoveStorage(KSolveNames::SharedMoveStorage&) [47]
                0.00    0.00       1/1           KSolveNames::SharedMoveStorage::~SharedMoveStorage() [52]
-----------------------------------------------
                0.00   23.25       1/1           KSolveNames::KSolveAStar(KSolveNames::Game&, unsigned int, unsigned int) [2]
[3]     99.8    0.00   23.25       1         KSolveNames::Worker(KSolveNames::WorkerState*) [3]
                0.15   18.22 14716660/14716661     KSolveNames::Advance(KSolveNames::WorkerState&, unsigned int) [4]
                0.18    4.52 14716661/14716661     KSolveNames::MoveStorage::PopNextBranch(KSolveNames::Game&) [6]
                0.03    0.15 14476932/14476933     KSolveNames::MoveStorage::ShareMoves() [22]
                0.00    0.00       1/2           KSolveNames::Game::Game(KSolveNames::Game const&) [48]
                0.00    0.00       1/2           KSolveNames::MoveStorage::MoveStorage(KSolveNames::SharedMoveStorage&) [47]
-----------------------------------------------
                0.00    0.00       1/14716661     KSolveNames::KSolveAStar(KSolveNames::Game&, unsigned int, unsigned int) [2]
                0.15   18.22 14716660/14716661     KSolveNames::Worker(KSolveNames::WorkerState*) [3]
[4]     78.8    0.15   18.22 14716661         KSolveNames::Advance(KSolveNames::WorkerState&, unsigned int) [4]
                9.92    2.43 69510871/69510871     KSolveNames::GameStateMemory::IsShortPathToState(KSolveNames::Game const&, unsigned int) [5]
                0.11    3.93 14716661/14716661     KSolveNames::WorkerState::MakeAutoMoves() [7]
                1.04    0.00 14716660/14716661     KSolveNames::MinimumMovesLeft(KSolveNames::Game const&) [14]
                0.16    0.24 69510871/405194320     KSolveNames::Game::MakeMove(KSolveNames::MoveSpec) [9]
                0.13    0.10 69510871/69510871     KSolveNames::Game::UnMakeMove(KSolveNames::MoveSpec) [20]
                0.14    0.00 47501597/317484049     KSolveNames::Pile::Draw(KSolveNames::Pile&, int) [15]
                0.01    0.00 14716660/14716660     KSolveNames::MoveStorage::PushBranch(KSolveNames::MoveSpec, unsigned int) [31]
                0.00    0.00  239728/239728      KSolveNames::Game::GameOver() const [40]
-----------------------------------------------
                9.92    2.43 69510871/69510871     KSolveNames::Advance(KSolveNames::WorkerState&, unsigned int) [4]
[5]     53.0    9.92    2.43 69510871         KSolveNames::GameStateMemory::IsShortPathToState(KSolveNames::Game const&, unsigned int) [5]
                2.27    0.07 69510871/69510871     KSolveNames::GameState::GameState(KSolveNames::Game const&, unsigned int) [10]
                0.03    0.06 14430629/14430629     gtl::priv::raw_hash_set<gtl::priv::FlatHashSetPolicy<KSolveNames::GameState>, KSolveNames::Hasher, gtl::EqualTo<KSolveNames::GameState>, std::allocator<KSolveNames::GameState> >::prepare_insert(unsigned long) [25]
-----------------------------------------------
                0.18    4.52 14716661/14716661     KSolveNames::Worker(KSolveNames::WorkerState*) [3]
[6]     20.2    0.18    4.52 14716661         KSolveNames::MoveStorage::PopNextBranch(KSolveNames::Game&) [6]
                0.79    1.17 333997333/405194320     KSolveNames::Game::MakeMove(KSolveNames::MoveSpec) [9]
                1.73    0.00 14716660/14716660     KSolveNames::MoveStorage::LoadMoveSequence() [12]
                0.43    0.00 14716661/14716661     KSolveNames::ShareableIndexedPriorityQueue<unsigned int, KSolveNames::Branch, 512u>::Pop() [17]
                0.40    0.00 14716660/14716661     KSolveNames::Game::Deal() [18]
-----------------------------------------------
                0.11    3.93 14716661/14716661     KSolveNames::Advance(KSolveNames::WorkerState&, unsigned int) [4]
[7]     17.3    0.11    3.93 14716661         KSolveNames::WorkerState::MakeAutoMoves() [7]
                0.01    3.31 15235902/15235902     KSolveNames::Game::NonDominantAvailableMoves(KSolveNames::QMovesTemplate<43u>&, unsigned int) const [8]
                0.24    0.00 74265339/74265339     bool KSolveNames::XYZ_Move<KSolveNames::MoveCounter<frystl::static_deque<KSolveNames::MoveSpec, 500u> > >(KSolveNames::MoveSpec, KSolveNames::MoveCounter<frystl::static_deque<KSolveNames::MoveSpec, 500u> > const&) [19]
                0.20    0.00 16402777/16402777     KSolveNames::Game::DominantAvailableMoves(KSolveNames::QMovesTemplate<9u>&, unsigned int) const [21]
                0.15    0.00 15235902/15235902     KSolveNames::Game::MovesFromFoundation(KSolveNames::QMovesTemplate<43u>&, unsigned int) const [23]
                0.01    0.00 16402777/16402777     KSolveNames::Game::MinFoundationPileSize() const [30]
                0.00    0.01 1686116/405194320     KSolveNames::Game::MakeMove(KSolveNames::MoveSpec) [9]
                0.00    0.00 1686116/1686116     KSolveNames::MoveStorage::PushStem(KSolveNames::MoveSpec) [39]
-----------------------------------------------
                0.01    3.31 15235902/15235902     KSolveNames::WorkerState::MakeAutoMoves() [7]
[8]     14.2    0.01    3.31 15235902         KSolveNames::Game::NonDominantAvailableMoves(KSolveNames::QMovesTemplate<43u>&, unsigned int) const [8]
                1.74    0.00 15235902/15235902     KSolveNames::Game::MovesFromTableau(KSolveNames::QMovesTemplate<43u>&) const [11]
                1.57    0.00 15235902/15235902     KSolveNames::Game::MovesFromTalon(KSolveNames::QMovesTemplate<43u>&, unsigned int) const [13]
-----------------------------------------------
                0.00    0.01 1686116/405194320     KSolveNames::WorkerState::MakeAutoMoves() [7]
                0.16    0.24 69510871/405194320     KSolveNames::Advance(KSolveNames::WorkerState&, unsigned int) [4]
                0.79    1.17 333997333/405194320     KSolveNames::MoveStorage::PopNextBranch(KSolveNames::Game&) [6]
[9]     10.2    0.96    1.42 405194320         KSolveNames::Game::MakeMove(KSolveNames::MoveSpec) [9]
                0.82    0.00 269982452/317484049     KSolveNames::Pile::Draw(KSolveNames::Pile&, int) [15]
                0.60    0.00 135211868/157221142     KSolveNames::Pile::Take(KSolveNames::Pile&, unsigned int) [16]
-----------------------------------------------
                2.27    0.07 69510871/69510871     KSolveNames::GameStateMemory::IsShortPathToState(KSolveNames::Game const&, unsigned int) [5]
[10]    10.0    2.27    0.07 69510871         KSolveNames::GameState::GameState(KSolveNames::Game const&, unsigned int) [10]
                0.07    0.00 69510871/69510871     void std::__introsort_loop<unsigned int*, long, __gnu_cxx::__ops::_Iter_comp_iter<std::ranges::__detail::__make_comp_proj<std::ranges::less, std::identity>(std::ranges::less&, std::identity&)::{lambda(auto:1&&, auto:2&&)#1}> >(unsigned int*, unsigned int*, long, __gnu_cxx::__ops::_Iter_comp_iter<std::ranges::__detail::__make_comp_proj<std::ranges::less, std::identity>(std::ranges::less&, std::identity&)::{lambda(auto:1&&, auto:2&&)#1}>) [27]
-----------------------------------------------
                1.74    0.00 15235902/15235902     KSolveNames::Game::NonDominantAvailableMoves(KSolveNames::QMovesTemplate<43u>&, unsigned int) const [8]
[11]     7.5    1.74    0.00 15235902         KSolveNames::Game::MovesFromTableau(KSolveNames::QMovesTemplate<43u>&) const [11]
-----------------------------------------------
                1.73    0.00 14716660/14716660     KSolveNames::MoveStorage::PopNextBranch(KSolveNames::Game&) [6]
[12]     7.4    1.73    0.00 14716660         KSolveNames::MoveStorage::LoadMoveSequence() [12]
-----------------------------------------------
                1.57    0.00 15235902/15235902     KSolveNames::Game::NonDominantAvailableMoves(KSolveNames::QMovesTemplate<43u>&, unsigned int) const [8]
[13]     6.7    1.57    0.00 15235902         KSolveNames::Game::MovesFromTalon(KSolveNames::QMovesTemplate<43u>&, unsigned int) const [13]
-----------------------------------------------
                0.00    0.00       1/14716661     KSolveNames::KSolveAStar(KSolveNames::Game&, unsigned int, unsigned int) [2]
                1.04    0.00 14716660/14716661     KSolveNames::Advance(KSolveNames::WorkerState&, unsigned int) [4]
[14]     4.5    1.04    0.00 14716661         KSolveNames::MinimumMovesLeft(KSolveNames::Game const&) [14]
-----------------------------------------------
                0.14    0.00 47501597/317484049     KSolveNames::Advance(KSolveNames::WorkerState&, unsigned int) [4]
                0.82    0.00 269982452/317484049     KSolveNames::Game::MakeMove(KSolveNames::MoveSpec) [9]
[15]     4.1    0.96    0.00 317484049         KSolveNames::Pile::Draw(KSolveNames::Pile&, int) [15]
-----------------------------------------------
                0.10    0.00 22009274/157221142     KSolveNames::Game::UnMakeMove(KSolveNames::MoveSpec) [20]
                0.60    0.00 135211868/157221142     KSolveNames::Game::MakeMove(KSolveNames::MoveSpec) [9]
[16]     3.0    0.70    0.00 157221142         KSolveNames::Pile::Take(KSolveNames::Pile&, unsigned int) [16]
-----------------------------------------------
                0.43    0.00 14716661/14716661     KSolveNames::MoveStorage::PopNextBranch(KSolveNames::Game&) [6]
[17]     1.8    0.43    0.00 14716661         KSolveNames::ShareableIndexedPriorityQueue<unsigned int, KSolveNames::Branch, 512u>::Pop() [17]
-----------------------------------------------
                0.00    0.00       1/14716661     main [1]
                0.40    0.00 14716660/14716661     KSolveNames::MoveStorage::PopNextBranch(KSolveNames::Game&) [6]
[18]     1.7    0.40    0.00 14716661         KSolveNames::Game::Deal() [18]
-----------------------------------------------
                0.24    0.00 74265339/74265339     KSolveNames::WorkerState::MakeAutoMoves() [7]
[19]     1.0    0.24    0.00 74265339         bool KSolveNames::XYZ_Move<KSolveNames::MoveCounter<frystl::static_deque<KSolveNames::MoveSpec, 500u> > >(KSolveNames::MoveSpec, KSolveNames::MoveCounter<frystl::static_deque<KSolveNames::MoveSpec, 500u> > const&) [19]
-----------------------------------------------
                0.13    0.10 69510871/69510871     KSolveNames::Advance(KSolveNames::WorkerState&, unsigned int) [4]
[20]     1.0    0.13    0.10 69510871         KSolveNames::Game::UnMakeMove(KSolveNames::MoveSpec) [20]
                0.10    0.00 22009274/157221142     KSolveNames::Pile::Take(KSolveNames::Pile&, unsigned int) [16]
-----------------------------------------------
                0.20    0.00 16402777/16402777     KSolveNames::WorkerState::MakeAutoMoves() [7]
[21]     0.9    0.20    0.00 16402777         KSolveNames::Game::DominantAvailableMoves(KSolveNames::QMovesTemplate<9u>&, unsigned int) const [21]
-----------------------------------------------
                0.00    0.00       1/14476933     KSolveNames::KSolveAStar(KSolveNames::Game&, unsigned int, unsigned int) [2]
                0.03    0.15 14476932/14476933     KSolveNames::Worker(KSolveNames::WorkerState*) [3]
[22]     0.8    0.03    0.15 14476933         KSolveNames::MoveStorage::ShareMoves() [22]
                0.08    0.00 6357911/6357911     KSolveNames::MoveStorage::UpdateFringe(unsigned int) [26]
                0.07    0.00 6357911/6357911     KSolveNames::MoveStorage::UpdateMoveTree() [28]
-----------------------------------------------
                0.15    0.00 15235902/15235902     KSolveNames::WorkerState::MakeAutoMoves() [7]
[23]     0.6    0.15    0.00 15235902         KSolveNames::Game::MovesFromFoundation(KSolveNames::QMovesTemplate<43u>&, unsigned int) const [23]
-----------------------------------------------
                0.06    0.00    2048/4350        KSolveNames::GameStateMemory::GameStateMemory() [29]
                0.06    0.00    2302/4350        gtl::priv::raw_hash_set<gtl::priv::FlatHashSetPolicy<KSolveNames::GameState>, KSolveNames::Hasher, gtl::EqualTo<KSolveNames::GameState>, std::allocator<KSolveNames::GameState> >::prepare_insert(unsigned long) [25]
[24]     0.5    0.12    0.00    4350         gtl::priv::raw_hash_set<gtl::priv::FlatHashSetPolicy<KSolveNames::GameState>, KSolveNames::Hasher, gtl::EqualTo<KSolveNames::GameState>, std::allocator<KSolveNames::GameState> >::resize(unsigned long) [24]
-----------------------------------------------
                0.03    0.06 14430629/14430629     KSolveNames::GameStateMemory::IsShortPathToState(KSolveNames::Game const&, unsigned int) [5]
[25]     0.4    0.03    0.06 14430629         gtl::priv::raw_hash_set<gtl::priv::FlatHashSetPolicy<KSolveNames::GameState>, KSolveNames::Hasher, gtl::EqualTo<KSolveNames::GameState>, std::allocator<KSolveNames::GameState> >::prepare_insert(unsigned long) [25]
                0.06    0.00    2302/4350        gtl::priv::raw_hash_set<gtl::priv::FlatHashSetPolicy<KSolveNames::GameState>, KSolveNames::Hasher, gtl::EqualTo<KSolveNames::GameState>, std::allocator<KSolveNames::GameState> >::resize(unsigned long) [24]
-----------------------------------------------
                0.08    0.00 6357911/6357911     KSolveNames::MoveStorage::ShareMoves() [22]
[26]     0.3    0.08    0.00 6357911         KSolveNames::MoveStorage::UpdateFringe(unsigned int) [26]
                0.00    0.00 6357911/6357911     void std::__introsort_loop<KSolveNames::MoveStorage::MovePair*, long, __gnu_cxx::__ops::_Iter_comp_iter<std::ranges::__detail::__make_comp_proj<std::ranges::greater, unsigned int KSolveNames::MoveStorage::MovePair::*>(std::ranges::greater&, unsigned int KSolveNames::MoveStorage::MovePair::*&)::{lambda(auto:1&&, auto:2&&)#1}> >(KSolveNames::MoveStorage::MovePair*, KSolveNames::MoveStorage::MovePair*, long, __gnu_cxx::__ops::_Iter_comp_iter<std::ranges::__detail::__make_comp_proj<std::ranges::greater, unsigned int KSolveNames::MoveStorage::MovePair::*>(std::ranges::greater&, unsigned int KSolveNames::MoveStorage::MovePair::*&)::{lambda(auto:1&&, auto:2&&)#1}>) [38]
                0.00    0.00     108/108         frystl::static_vector<KSolveNames::ShareableIndexedPriorityQueue<unsigned int, KSolveNames::Branch, 512u>::ProtectedStackT, 512u>::resize(unsigned int) [42]
-----------------------------------------------
                0.07    0.00 69510871/69510871     KSolveNames::GameState::GameState(KSolveNames::Game const&, unsigned int) [10]
[27]     0.3    0.07    0.00 69510871         void std::__introsort_loop<unsigned int*, long, __gnu_cxx::__ops::_Iter_comp_iter<std::ranges::__detail::__make_comp_proj<std::ranges::less, std::identity>(std::ranges::less&, std::identity&)::{lambda(auto:1&&, auto:2&&)#1}> >(unsigned int*, unsigned int*, long, __gnu_cxx::__ops::_Iter_comp_iter<std::ranges::__detail::__make_comp_proj<std::ranges::less, std::identity>(std::ranges::less&, std::identity&)::{lambda(auto:1&&, auto:2&&)#1}>) [27]
-----------------------------------------------
                0.07    0.00 6357911/6357911     KSolveNames::MoveStorage::ShareMoves() [22]
[28]     0.3    0.07    0.00 6357911         KSolveNames::MoveStorage::UpdateMoveTree() [28]
-----------------------------------------------
                0.00    0.06       1/1           KSolveNames::KSolveAStar(KSolveNames::Game&, unsigned int, unsigned int) [2]
[29]     0.2    0.00    0.06       1         KSolveNames::GameStateMemory::GameStateMemory() [29]
                0.06    0.00    2048/4350        gtl::priv::raw_hash_set<gtl::priv::FlatHashSetPolicy<KSolveNames::GameState>, KSolveNames::Hasher, gtl::EqualTo<KSolveNames::GameState>, std::allocator<KSolveNames::GameState> >::resize(unsigned long) [24]
-----------------------------------------------
                0.01    0.00 16402777/16402777     KSolveNames::WorkerState::MakeAutoMoves() [7]
[30]     0.0    0.01    0.00 16402777         KSolveNames::Game::MinFoundationPileSize() const [30]
-----------------------------------------------
                0.01    0.00 14716660/14716660     KSolveNames::Advance(KSolveNames::WorkerState&, unsigned int) [4]
[31]     0.0    0.01    0.00 14716660         KSolveNames::MoveStorage::PushBranch(KSolveNames::MoveSpec, unsigned int) [31]
-----------------------------------------------
                0.00    0.00 6357911/6357911     KSolveNames::MoveStorage::UpdateFringe(unsigned int) [26]
[38]     0.0    0.00    0.00 6357911         void std::__introsort_loop<KSolveNames::MoveStorage::MovePair*, long, __gnu_cxx::__ops::_Iter_comp_iter<std::ranges::__detail::__make_comp_proj<std::ranges::greater, unsigned int KSolveNames::MoveStorage::MovePair::*>(std::ranges::greater&, unsigned int KSolveNames::MoveStorage::MovePair::*&)::{lambda(auto:1&&, auto:2&&)#1}> >(KSolveNames::MoveStorage::MovePair*, KSolveNames::MoveStorage::MovePair*, long, __gnu_cxx::__ops::_Iter_comp_iter<std::ranges::__detail::__make_comp_proj<std::ranges::greater, unsigned int KSolveNames::MoveStorage::MovePair::*>(std::ranges::greater&, unsigned int KSolveNames::MoveStorage::MovePair::*&)::{lambda(auto:1&&, auto:2&&)#1}>) [38]
-----------------------------------------------
                0.00    0.00 1686116/1686116     KSolveNames::WorkerState::MakeAutoMoves() [7]
[39]     0.0    0.00    0.00 1686116         KSolveNames::MoveStorage::PushStem(KSolveNames::MoveSpec) [39]
-----------------------------------------------
                0.00    0.00  239728/239728      KSolveNames::Advance(KSolveNames::WorkerState&, unsigned int) [4]
[40]     0.0    0.00    0.00  239728         KSolveNames::Game::GameOver() const [40]
-----------------------------------------------
                0.00    0.00     139/139         frystl::static_vector<KSolveNames::ShareableIndexedPriorityQueue<unsigned int, KSolveNames::Branch, 512u>::ProtectedStackT, 512u>::resize(unsigned int) [42]
[41]     0.0    0.00    0.00     139         void frystl::Construct<KSolveNames::ShareableIndexedPriorityQueue<unsigned int, KSolveNames::Branch, 512u>::ProtectedStackT>(KSolveNames::ShareableIndexedPriorityQueue<unsigned int, KSolveNames::Branch, 512u>::ProtectedStackT*) [41]
-----------------------------------------------
                0.00    0.00     108/108         KSolveNames::MoveStorage::UpdateFringe(unsigned int) [26]
[42]     0.0    0.00    0.00     108         frystl::static_vector<KSolveNames::ShareableIndexedPriorityQueue<unsigned int, KSolveNames::Branch, 512u>::ProtectedStackT, 512u>::resize(unsigned int) [42]
                0.00    0.00     139/139         void frystl::Construct<KSolveNames::ShareableIndexedPriorityQueue<unsigned int, KSolveNames::Branch, 512u>::ProtectedStackT>(KSolveNames::ShareableIndexedPriorityQueue<unsigned int, KSolveNames::Branch, 512u>::ProtectedStackT*) [41]
-----------------------------------------------
                0.00    0.00      50/50          KSolveNames::Shuffle(KSolveNames::CardDeck&, unsigned int) [54]
[43]     0.0    0.00    0.00      50         KSolveNames::Peek[abi:cxx11](KSolveNames::MoveSpec const&) [43]
                0.00    0.00      50/50          std::mersenne_twister_engine<unsigned long, 32ul, 624ul, 397ul, 31ul, 2567483615ul, 11ul, 4294967295ul, 7ul, 2636928640ul, 15ul, 4022730752ul, 18ul, 1812433253ul>::operator()() [44]
-----------------------------------------------
                0.00    0.00      50/50          KSolveNames::Peek[abi:cxx11](KSolveNames::MoveSpec const&) [43]
[44]     0.0    0.00    0.00      50         std::mersenne_twister_engine<unsigned long, 32ul, 624ul, 397ul, 31ul, 2567483615ul, 11ul, 4294967295ul, 7ul, 2636928640ul, 15ul, 4022730752ul, 18ul, 1812433253ul>::operator()() [44]
                0.00    0.00       1/1           std::mersenne_twister_engine<unsigned long, 32ul, 624ul, 397ul, 31ul, 2567483615ul, 11ul, 4294967295ul, 7ul, 2636928640ul, 15ul, 4022730752ul, 18ul, 1812433253ul>::_M_gen_rand() [55]
-----------------------------------------------
                0.00    0.00      13/13          _GLOBAL__sub_I__ZNK11KSolveNames4Card8AsStringB5cxx11Ev [58]
[45]     0.0    0.00    0.00      13         _init [45]
-----------------------------------------------
                0.00    0.00       3/3           GetSpec(int, char**) [50]
[46]     0.0    0.00    0.00       3         GetNumber(std::__cxx11::basic_string<char, std::char_traits<char>, std::allocator<char> >) [46]
-----------------------------------------------
                0.00    0.00       1/2           KSolveNames::Worker(KSolveNames::WorkerState*) [3]
                0.00    0.00       1/2           KSolveNames::KSolveAStar(KSolveNames::Game&, unsigned int, unsigned int) [2]
[47]     0.0    0.00    0.00       2         KSolveNames::MoveStorage::MoveStorage(KSolveNames::SharedMoveStorage&) [47]
-----------------------------------------------
                0.00    0.00       1/2           KSolveNames::Worker(KSolveNames::WorkerState*) [3]
                0.00    0.00       1/2           KSolveNames::KSolveAStar(KSolveNames::Game&, unsigned int, unsigned int) [2]
[48]     0.0    0.00    0.00       2         KSolveNames::Game::Game(KSolveNames::Game const&) [48]
-----------------------------------------------
                0.00    0.00       2/2           GetSpec(int, char**) [50]
[49]     0.0    0.00    0.00       2         bool std::operator==<char, std::char_traits<char>, std::allocator<char> >(std::__cxx11::basic_string<char, std::char_traits<char>, std::allocator<char> > const&, char const*) [49]
-----------------------------------------------
                0.00    0.00       1/1           main [1]
[50]     0.0    0.00    0.00       1         GetSpec(int, char**) [50]
                0.00    0.00       3/3           GetNumber(std::__cxx11::basic_string<char, std::char_traits<char>, std::allocator<char> >) [46]
                0.00    0.00       2/2           bool std::operator==<char, std::char_traits<char>, std::allocator<char> >(std::__cxx11::basic_string<char, std::char_traits<char>, std::allocator<char> > const&, char const*) [49]
                0.00    0.00       1/1           std::__cxx11::basic_string<char, std::char_traits<char>, std::allocator<char> >::basic_string<std::allocator<char> >(char const*, std::allocator<char> const&) [57]
                0.00    0.00       1/1           std::__cxx11::basic_string<char, std::char_traits<char>, std::allocator<char> >::_M_dispose() [56]
-----------------------------------------------
                0.00    0.00       1/1           main [1]
[51]     0.0    0.00    0.00       1         KSolveNames::NumberedDeal(unsigned int) [51]
                0.00    0.00       1/1           KSolveNames::Shuffle(KSolveNames::CardDeck&, unsigned int) [54]
-----------------------------------------------
                0.00    0.00       1/1           KSolveNames::KSolveAStar(KSolveNames::Game&, unsigned int, unsigned int) [2]
[52]     0.0    0.00    0.00       1         KSolveNames::SharedMoveStorage::~SharedMoveStorage() [52]
-----------------------------------------------
                0.00    0.00       1/1           main [1]
[53]     0.0    0.00    0.00       1         KSolveNames::Game::Game(KSolveNames::CardDeck, unsigned int, unsigned int) [53]
-----------------------------------------------
                0.00    0.00       1/1           KSolveNames::NumberedDeal(unsigned int) [51]
[54]     0.0    0.00    0.00       1         KSolveNames::Shuffle(KSolveNames::CardDeck&, unsigned int) [54]
                0.00    0.00      50/50          KSolveNames::Peek[abi:cxx11](KSolveNames::MoveSpec const&) [43]
-----------------------------------------------
                0.00    0.00       1/1           std::mersenne_twister_engine<unsigned long, 32ul, 624ul, 397ul, 31ul, 2567483615ul, 11ul, 4294967295ul, 7ul, 2636928640ul, 15ul, 4022730752ul, 18ul, 1812433253ul>::operator()() [44]
[55]     0.0    0.00    0.00       1         std::mersenne_twister_engine<unsigned long, 32ul, 624ul, 397ul, 31ul, 2567483615ul, 11ul, 4294967295ul, 7ul, 2636928640ul, 15ul, 4022730752ul, 18ul, 1812433253ul>::_M_gen_rand() [55]
-----------------------------------------------
                0.00    0.00       1/1           GetSpec(int, char**) [50]
[56]     0.0    0.00    0.00       1         std::__cxx11::basic_string<char, std::char_traits<char>, std::allocator<char> >::_M_dispose() [56]
-----------------------------------------------
                0.00    0.00       1/1           GetSpec(int, char**) [50]
[57]     0.0    0.00    0.00       1         std::__cxx11::basic_string<char, std::char_traits<char>, std::allocator<char> >::basic_string<std::allocator<char> >(char const*, std::allocator<char> const&) [57]
-----------------------------------------------

 This table describes the call tree of the program, and was sorted by
 the total amount of time spent in each function and its children.

 Each entry in this table consists of several lines.  The line with the
 index number at the left hand margin lists the current function.
 The lines above it list the functions that called this function,
 and the lines below it list the functions this one called.
 This line lists:
     index	A unique number given to each element of the table.
		Index numbers are sorted numerically.
		The index number is printed next to every function name so
		it is easier to look up where the function is in the table.

     % time	This is the percentage of the `total' time that was spent
		in this function and its children.  Note that due to
		different viewpoints, functions excluded by options, etc,
		these numbers will NOT add up to 100%.

     self	This is the total amount of time spent in this function.

     children	This is the total amount of time propagated into this
		function by its children.

     called	This is the number of times the function was called.
		If the function called itself recursively, the number
		only includes non-recursive calls, and is followed by
		a `+' and the number of recursive calls.

     name	The name of the current function.  The index number is
		printed after it.  If the function is a member of a
		cycle, the cycle number is printed between the
		function's name and the index number.


 For the function's parents, the fields have the following meanings:

     self	This is the amount of time that was propagated directly
		from the function into this parent.

     children	This is the amount of time that was propagated from
		the function's children into this parent.

     called	This is the number of times this parent called the
		function `/' the total number of times the function
		was called.  Recursive calls to the function are not
		included in the number after the `/'.

     name	This is the name of the parent.  The parent's index
		number is printed after it.  If the parent is a
		member of a cycle, the cycle number is printed between
		the name and the index number.

 If the parents of the function cannot be determined, the word
 `<spontaneous>' is printed in the `name' field, and all the other
 fields are blank.

 For the function's children, the fields have the following meanings:

     self	This is the amount of time that was propagated directly
		from the child into the function.

     children	This is the amount of time that was propagated from the
		child's children to the function.

     called	This is the number of times the function called
		this child `/' the total number of times the child
		was called.  Recursive calls by the child are not
		listed in the number after the `/'.

     name	This is the name of the child.  The child's index
		number is printed after it.  If the child is a
		member of a cycle, the cycle number is printed
		between the name and the index number.

 If there are any cycles (circles) in the call graph, there is an
 entry for the cycle-as-a-whole.  This entry shows who called the
 cycle (as parents) and the members of the cycle (as children.)
 The `+' recursive calls entry shows the number of function calls that
 were internal to the cycle, and the calls entry for each member shows,
 for that member, how many times it was called from other members of
 the cycle.

Copyright (C) 2012-2024 Free Software Foundation, Inc.

Copying and distribution of this file, with or without modification,
are permitted in any medium without royalty provided the copyright
notice and this notice are preserved.

Index by function name

  [50] GetSpec(int, char**)   [17] KSolveNames::ShareableIndexedPriorityQueue<unsigned int, KSolveNames::Branch, 512u>::Pop() [41] void frystl::Construct<KSolveNames::ShareableIndexedPriorityQueue<unsigned int, KSolveNames::Branch, 512u>::ProtectedStackT>(KSolveNames::ShareableIndexedPriorityQueue<unsigned int, KSolveNames::Branch, 512u>::ProtectedStackT*)
  [46] GetNumber(std::__cxx11::basic_string<char, std::char_traits<char>, std::allocator<char> >) [20] KSolveNames::Game::UnMakeMove(KSolveNames::MoveSpec) [13] KSolveNames::Game::MovesFromTalon(KSolveNames::QMovesTemplate<43u>&, unsigned int) const
   [2] KSolveNames::KSolveAStar(KSolveNames::Game&, unsigned int, unsigned int) [18] KSolveNames::Game::Deal() [11] KSolveNames::Game::MovesFromTableau(KSolveNames::QMovesTemplate<43u>&) const
  [31] KSolveNames::MoveStorage::PushBranch(KSolveNames::MoveSpec, unsigned int) [9] KSolveNames::Game::MakeMove(KSolveNames::MoveSpec) [23] KSolveNames::Game::MovesFromFoundation(KSolveNames::QMovesTemplate<43u>&, unsigned int) const
  [22] KSolveNames::MoveStorage::ShareMoves() [53] KSolveNames::Game::Game(KSolveNames::CardDeck, unsigned int, unsigned int) [30] KSolveNames::Game::MinFoundationPileSize() const
  [26] KSolveNames::MoveStorage::UpdateFringe(unsigned int) [48] KSolveNames::Game::Game(KSolveNames::Game const&) [21] KSolveNames::Game::DominantAvailableMoves(KSolveNames::QMovesTemplate<9u>&, unsigned int) const
   [6] KSolveNames::MoveStorage::PopNextBranch(KSolveNames::Game&) [43] KSolveNames::Peek[abi:cxx11](KSolveNames::MoveSpec const&) [8] KSolveNames::Game::NonDominantAvailableMoves(KSolveNames::QMovesTemplate<43u>&, unsigned int) const
  [28] KSolveNames::MoveStorage::UpdateMoveTree() [15] KSolveNames::Pile::Draw(KSolveNames::Pile&, int) [40] KSolveNames::Game::GameOver() const
  [12] KSolveNames::MoveStorage::LoadMoveSequence() [16] KSolveNames::Pile::Take(KSolveNames::Pile&, unsigned int) [55] std::mersenne_twister_engine<unsigned long, 32ul, 624ul, 397ul, 31ul, 2567483615ul, 11ul, 4294967295ul, 7ul, 2636928640ul, 15ul, 4022730752ul, 18ul, 1812433253ul>::_M_gen_rand()
  [39] KSolveNames::MoveStorage::PushStem(KSolveNames::MoveSpec) [54] KSolveNames::Shuffle(KSolveNames::CardDeck&, unsigned int) [44] std::mersenne_twister_engine<unsigned long, 32ul, 624ul, 397ul, 31ul, 2567483615ul, 11ul, 4294967295ul, 7ul, 2636928640ul, 15ul, 4022730752ul, 18ul, 1812433253ul>::operator()()
  [47] KSolveNames::MoveStorage::MoveStorage(KSolveNames::SharedMoveStorage&) [10] KSolveNames::GameState::GameState(KSolveNames::Game const&, unsigned int) [56] std::__cxx11::basic_string<char, std::char_traits<char>, std::allocator<char> >::_M_dispose()
   [7] KSolveNames::WorkerState::MakeAutoMoves() [3] KSolveNames::Worker(KSolveNames::WorkerState*) (KSolveAStar.cpp) [57] std::__cxx11::basic_string<char, std::char_traits<char>, std::allocator<char> >::basic_string<std::allocator<char> >(char const*, std::allocator<char> const&)
  [51] KSolveNames::NumberedDeal(unsigned int) [4] KSolveNames::Advance(KSolveNames::WorkerState&, unsigned int) (KSolveAStar.cpp) [38] void std::__introsort_loop<KSolveNames::MoveStorage::MovePair*, long, __gnu_cxx::__ops::_Iter_comp_iter<std::ranges::__detail::__make_comp_proj<std::ranges::greater, unsigned int KSolveNames::MoveStorage::MovePair::*>(std::ranges::greater&, unsigned int KSolveNames::MoveStorage::MovePair::*&)::{lambda(auto:1&&, auto:2&&)#1}> >(KSolveNames::MoveStorage::MovePair*, KSolveNames::MoveStorage::MovePair*, long, __gnu_cxx::__ops::_Iter_comp_iter<std::ranges::__detail::__make_comp_proj<std::ranges::greater, unsigned int KSolveNames::MoveStorage::MovePair::*>(std::ranges::greater&, unsigned int KSolveNames::MoveStorage::MovePair::*&)::{lambda(auto:1&&, auto:2&&)#1}>)
   [5] KSolveNames::GameStateMemory::IsShortPathToState(KSolveNames::Game const&, unsigned int) [19] bool KSolveNames::XYZ_Move<KSolveNames::MoveCounter<frystl::static_deque<KSolveNames::MoveSpec, 500u> > >(KSolveNames::MoveSpec, KSolveNames::MoveCounter<frystl::static_deque<KSolveNames::MoveSpec, 500u> > const&) (Game.hpp) [27] void std::__introsort_loop<unsigned int*, long, __gnu_cxx::__ops::_Iter_comp_iter<std::ranges::__detail::__make_comp_proj<std::ranges::less, std::identity>(std::ranges::less&, std::identity&)::{lambda(auto:1&&, auto:2&&)#1}> >(unsigned int*, unsigned int*, long, __gnu_cxx::__ops::_Iter_comp_iter<std::ranges::__detail::__make_comp_proj<std::ranges::less, std::identity>(std::ranges::less&, std::identity&)::{lambda(auto:1&&, auto:2&&)#1}>)
  [29] KSolveNames::GameStateMemory::GameStateMemory() [25] gtl::priv::raw_hash_set<gtl::priv::FlatHashSetPolicy<KSolveNames::GameState>, KSolveNames::Hasher, gtl::EqualTo<KSolveNames::GameState>, std::allocator<KSolveNames::GameState> >::prepare_insert(unsigned long) [49] bool std::operator==<char, std::char_traits<char>, std::allocator<char> >(std::__cxx11::basic_string<char, std::char_traits<char>, std::allocator<char> > const&, char const*)
  [14] KSolveNames::MinimumMovesLeft(KSolveNames::Game const&) [24] gtl::priv::raw_hash_set<gtl::priv::FlatHashSetPolicy<KSolveNames::GameState>, KSolveNames::Hasher, gtl::EqualTo<KSolveNames::GameState>, std::allocator<KSolveNames::GameState> >::resize(unsigned long) [45] _init
  [52] KSolveNames::SharedMoveStorage::~SharedMoveStorage() [42] frystl::static_vector<KSolveNames::ShareableIndexedPriorityQueue<unsigned int, KSolveNames::Branch, 512u>::ProtectedStackT, 512u>::resize(unsigned int)
