Unknown.
Took 39.6906 sec. 10 million unique states.
Unknown.
Took 45.7 sec. 10 million unique states.
Minimal solution in 129 moves.
Took 33 sec. 8.11 million unique states.
Minimal solution in 133 moves.
Took 19.1 sec. 5.34 million unique states.
Minimal solution in 125 moves.
Took 0.305 sec. 0.071 million unique states.
Minimal solution in 131 moves.
Took 11 sec. 3.53 million unique states.
Unknown.
Took 46 sec. 10 million unique states.
Minimal solution in 143 moves.
Took 4.3 sec. 1.1 million unique states.
Minimal solution in 136 moves.
Took 11.6 sec. 2.7 million unique states.
Impossible.
Took 3.17 sec. 0.443 million unique states.
